

================================================================
== Vivado HLS Report for 'synth_top_classifyLinear'
================================================================
* Date:           Thu May 21 18:38:31 2015

* Version:        2015.1 (Build 1215546 on Mon Apr 27 19:24:50 PM 2015)
* Project:        smosynth.prj
* Solution:       solution1
* Product family: zynq
* Target device:  xc7z020clg484-1


================================================================
== Performance Estimates
================================================================
+ Timing (ns): 
    * Summary: 
    +---------+-------+----------+------------+
    |  Clock  | Target| Estimated| Uncertainty|
    +---------+-------+----------+------------+
    |default  |  10.00|      8.23|        1.25|
    +---------+-------+----------+------------+

+ Latency (clock cycles): 
    * Summary: 
    +-----+-------+-----+-------+---------+
    |   Latency   |   Interval  | Pipeline|
    | min |  max  | min |  max  |   Type  |
    +-----+-------+-----+-------+---------+
    |  251|  37751|  251|  37751|   none  |
    +-----+-------+-----+-------+---------+

    + Detail: 
        * Instance: 
        N/A

        * Loop: 
        +-----------------------+-----+-------+----------+-----------+-----------+--------+----------+
        |                       |   Latency   | Iteration|  Initiation Interval  |  Trip  |          |
        |       Loop Name       | min |  max  |  Latency |  achieved |   target  |  Count | Pipelined|
        +-----------------------+-----+-------+----------+-----------+-----------+--------+----------+
        |- LINEAR_FOR_LOOP      |  250|  37750|  5 ~ 755 |          -|          -|      50|    no    |
        | + wtDotProduct_while  |   15|    750|        15|          -|          -| 1 ~ 50 |    no    |
        +-----------------------+-----+-------+----------+-----------+-----------+--------+----------+



================================================================
== Utilization Estimates
================================================================
* Summary: 
+-----------------+---------+-------+--------+-------+
|       Name      | BRAM_18K| DSP48E|   FF   |  LUT  |
+-----------------+---------+-------+--------+-------+
|Expression       |        -|      -|       -|      -|
|FIFO             |        -|      -|       -|      -|
|Instance         |        -|      -|       -|      -|
|Memory           |        -|      -|       -|      -|
|Multiplexer      |        -|      -|       -|      -|
|Register         |        -|      -|       -|      -|
+-----------------+---------+-------+--------+-------+
|Total            |        0|      0|       0|      0|
+-----------------+---------+-------+--------+-------+
|Available        |      280|    220|  106400|  53200|
+-----------------+---------+-------+--------+-------+
|Utilization (%)  |        0|      0|       0|      0|
+-----------------+---------+-------+--------+-------+

+ Detail: 
    * Instance: 
    N/A

    * Memory: 
    N/A

    * FIFO: 
    N/A

    * Expression: 
    N/A

    * Multiplexer: 
    N/A

    * Register: 
    N/A



================================================================
== Interface
================================================================
* Summary: 
N/A

============================================================
+ Verbose Summary: Synthesis Manager
============================================================
InlineROM: 1
ExposeGlobal: 0
============================================================
+ Verbose Summary: CDFG Model
============================================================
IsTopModel: 0
ResetActiveHigh: 1
IsCombinational: 0
IsDatapathOnly: 0
HasWiredReturn: 1
HasMFsm: 0
HasVarLatency: 1
IsPipeline: 0
IsRtlPipelined: 0
IsInstanceOverlapped: 0
IsDontTouch: 0
HasImplIP: 0
IsGatedGlobalClock: 0


============================================================
+ Verbose Summary: Schedule
============================================================
* Number of FSM states: 20
* Pipeline: 0
* Dataflow Pipeline: 0

* FSM state transitions: 
1 --> 
	2  / true
2 --> 
	3  / (!exitcond)
3 --> 
	4  / true
4 --> 
	5  / (!tmp_2 & tmp_5)
	19  / (tmp_2) | (!tmp_5)
5 --> 
	6  / true
6 --> 
	7  / true
7 --> 
	8  / true
8 --> 
	9  / true
9 --> 
	10  / true
10 --> 
	11  / true
11 --> 
	12  / true
12 --> 
	13  / true
13 --> 
	14  / true
14 --> 
	15  / true
15 --> 
	16  / true
16 --> 
	17  / true
17 --> 
	18  / true
18 --> 
	4  / true
19 --> 
	20  / true
20 --> 
	2  / true
* FSM state operations: 

 <State 1>: 1.57ns
ST_1: empty [1/1] 0.00ns
:0  %empty = call i32 (...)* @_ssdm_op_SpecMemCore([50 x double]* %output_r, [1 x i8]* @str48, [7 x i8]* @str47, [1 x i8]* @str48, i32 -1, [1 x i8]* @str48, [1 x i8]* @str48, [1 x i8]* @str48)

ST_1: empty_64 [1/1] 0.00ns
:1  %empty_64 = call i32 (...)* @_ssdm_op_SpecMemCore([49 x double]* %weight, [1 x i8]* @str46, [7 x i8]* @str45, [1 x i8]* @str46, i32 -1, [1 x i8]* @str46, [1 x i8]* @str46, [1 x i8]* @str46)

ST_1: empty_65 [1/1] 0.00ns
:2  %empty_65 = call i32 (...)* @_ssdm_op_SpecMemCore([50 x i32]* %nonZeroFeature, [1 x i8]* @str44, [7 x i8]* @str43, [1 x i8]* @str44, i32 -1, [1 x i8]* @str44, [1 x i8]* @str44, [1 x i8]* @str44)

ST_1: empty_66 [1/1] 0.00ns
:3  %empty_66 = call i32 (...)* @_ssdm_op_SpecMemCore([600 x double]* %example_3_value, [1 x i8]* @str22, [7 x i8]* @str21, [1 x i8]* @str22, i32 -1, [1 x i8]* @str22, [1 x i8]* @str22, [1 x i8]* @str22)

ST_1: empty_67 [1/1] 0.00ns
:4  %empty_67 = call i32 (...)* @_ssdm_op_SpecMemCore([600 x double]* %example_2_value, [1 x i8]* @str20, [7 x i8]* @str19, [1 x i8]* @str20, i32 -1, [1 x i8]* @str20, [1 x i8]* @str20, [1 x i8]* @str20)

ST_1: empty_68 [1/1] 0.00ns
:5  %empty_68 = call i32 (...)* @_ssdm_op_SpecMemCore([650 x double]* %example_1_value, [1 x i8]* @str18, [7 x i8]* @str17, [1 x i8]* @str18, i32 -1, [1 x i8]* @str18, [1 x i8]* @str18, [1 x i8]* @str18)

ST_1: empty_69 [1/1] 0.00ns
:6  %empty_69 = call i32 (...)* @_ssdm_op_SpecMemCore([650 x double]* %example_0_value, [1 x i8]* @str16, [7 x i8]* @str15, [1 x i8]* @str16, i32 -1, [1 x i8]* @str16, [1 x i8]* @str16, [1 x i8]* @str16)

ST_1: empty_70 [1/1] 0.00ns
:7  %empty_70 = call i32 (...)* @_ssdm_op_SpecMemCore([600 x i32]* %example_3_id, [1 x i8]* @str14, [7 x i8]* @str13, [1 x i8]* @str14, i32 -1, [1 x i8]* @str14, [1 x i8]* @str14, [1 x i8]* @str14)

ST_1: empty_71 [1/1] 0.00ns
:8  %empty_71 = call i32 (...)* @_ssdm_op_SpecMemCore([600 x i32]* %example_2_id, [1 x i8]* @str12, [7 x i8]* @str11, [1 x i8]* @str12, i32 -1, [1 x i8]* @str12, [1 x i8]* @str12, [1 x i8]* @str12)

ST_1: empty_72 [1/1] 0.00ns
:9  %empty_72 = call i32 (...)* @_ssdm_op_SpecMemCore([650 x i32]* %example_1_id, [1 x i8]* @str10, [7 x i8]* @str9, [1 x i8]* @str10, i32 -1, [1 x i8]* @str10, [1 x i8]* @str10, [1 x i8]* @str10)

ST_1: empty_73 [1/1] 0.00ns
:10  %empty_73 = call i32 (...)* @_ssdm_op_SpecMemCore([650 x i32]* %example_0_id, [1 x i8]* @str8, [7 x i8]* @str7, [1 x i8]* @str8, i32 -1, [1 x i8]* @str8, [1 x i8]* @str8, [1 x i8]* @str8)

ST_1: stg_32 [1/1] 1.57ns
:11  br label %1


 <State 2>: 2.39ns
ST_2: yindex_assign [1/1] 0.00ns
:0  %yindex_assign = phi i6 [ 1, %0 ], [ %i, %wtDotProduct.exit ]

ST_2: exitcond [1/1] 1.94ns
:1  %exitcond = icmp eq i6 %yindex_assign, -13

ST_2: stg_35 [1/1] 0.00ns
:2  br i1 %exitcond, label %3, label %2

ST_2: tmp [1/1] 0.00ns
:4  %tmp = zext i6 %yindex_assign to i64

ST_2: nonZeroFeature_addr [1/1] 0.00ns
:6  %nonZeroFeature_addr = getelementptr [50 x i32]* %nonZeroFeature, i64 0, i64 %tmp

ST_2: nonZeroFeature_load [2/2] 2.39ns
:7  %nonZeroFeature_load = load i32* %nonZeroFeature_addr, align 4

ST_2: stg_39 [1/1] 0.00ns
:0  ret void


 <State 3>: 6.48ns
ST_3: stg_40 [1/1] 0.00ns
:0  call void (...)* @_ssdm_op_SpecLoopTripCount(i64 50, i64 50, i64 50)

ST_3: stg_41 [1/1] 0.00ns
:1  call void (...)* @_ssdm_op_SpecLoopName([16 x i8]* @p_str216) nounwind

ST_3: tmp_13 [1/1] 0.00ns
:2  %tmp_13 = call i32 (...)* @_ssdm_op_SpecRegionBegin([16 x i8]* @p_str216)

ST_3: stg_43 [1/1] 0.00ns
:3  call void (...)* @_ssdm_op_SpecPipeline(i32 1, i32 1, i32 1, i32 0, [1 x i8]* @p_str317) nounwind

ST_3: tmp_cast_cast [1/1] 0.00ns
:5  %tmp_cast_cast = zext i6 %yindex_assign to i13

ST_3: nonZeroFeature_load [1/2] 2.39ns
:7  %nonZeroFeature_load = load i32* %nonZeroFeature_addr, align 4

ST_3: tmp_2 [1/1] 2.52ns
:8  %tmp_2 = icmp eq i32 %nonZeroFeature_load, 0

ST_3: stg_47 [1/1] 1.57ns
:9  br i1 %tmp_2, label %wtDotProduct.exit, label %.preheader.preheader.i

ST_3: tmp_3 [1/1] 6.38ns
.preheader.preheader.i:0  %tmp_3 = mul i13 %tmp_cast_cast, 50

ST_3: tmp_3_cast [1/1] 0.00ns
.preheader.preheader.i:1  %tmp_3_cast = zext i13 %tmp_3 to i33

ST_3: stg_50 [1/1] 1.57ns
.preheader.preheader.i:2  br label %.preheader.i


 <State 4>: 5.46ns
ST_4: p1_0_i [1/1] 0.00ns
.preheader.i:0  %p1_0_i = phi i32 [ %p1_2, %_ifconv ], [ 1, %.preheader.preheader.i ]

ST_4: p2_0_i [1/1] 0.00ns
.preheader.i:1  %p2_0_i = phi i32 [ %p2_2, %_ifconv ], [ 0, %.preheader.preheader.i ]

ST_4: dot_0_i [1/1] 0.00ns
.preheader.i:2  %dot_0_i = phi double [ %dot_1, %_ifconv ], [ 0.000000e+00, %.preheader.preheader.i ]

ST_4: tmp_4 [1/1] 2.52ns
.preheader.i:3  %tmp_4 = icmp slt i32 %p2_0_i, %nonZeroFeature_load

ST_4: not_i [1/1] 2.52ns
.preheader.i:4  %not_i = icmp slt i32 %p1_0_i, 51

ST_4: tmp_5 [1/1] 1.37ns
.preheader.i:5  %tmp_5 = and i1 %tmp_4, %not_i

ST_4: stg_57 [1/1] 1.57ns
.preheader.i:6  br i1 %tmp_5, label %_ifconv, label %wtDotProduct.exit

ST_4: tmp_6_cast [1/1] 0.00ns
_ifconv:3  %tmp_6_cast = sext i32 %p2_0_i to i33

ST_4: p_sum_i [1/1] 2.44ns
_ifconv:4  %p_sum_i = add i33 %tmp_3_cast, %tmp_6_cast

ST_4: tmp_11 [1/1] 0.00ns
_ifconv:5  %tmp_11 = trunc i33 %p_sum_i to i2

ST_4: tmp_10 [1/1] 0.00ns
_ifconv:6  %tmp_10 = call i5 @_ssdm_op_PartSelect.i5.i33.i32.i32(i33 %p_sum_i, i32 2, i32 6)

ST_4: tmp_6 [1/1] 0.00ns
_ifconv:7  %tmp_6 = sext i5 %tmp_10 to i64

ST_4: example_0_id_addr [1/1] 0.00ns
_ifconv:8  %example_0_id_addr = getelementptr [650 x i32]* %example_0_id, i64 0, i64 %tmp_6

ST_4: example_1_id_addr [1/1] 0.00ns
_ifconv:9  %example_1_id_addr = getelementptr [650 x i32]* %example_1_id, i64 0, i64 %tmp_6

ST_4: example_2_id_addr [1/1] 0.00ns
_ifconv:10  %example_2_id_addr = getelementptr [600 x i32]* %example_2_id, i64 0, i64 %tmp_6

ST_4: example_3_id_addr [1/1] 0.00ns
_ifconv:11  %example_3_id_addr = getelementptr [600 x i32]* %example_3_id, i64 0, i64 %tmp_6

ST_4: example_3_id_load [2/2] 2.39ns
_ifconv:12  %example_3_id_load = load i32* %example_3_id_addr, align 4

ST_4: example_0_id_load [2/2] 2.39ns
_ifconv:13  %example_0_id_load = load i32* %example_0_id_addr, align 4

ST_4: example_1_id_load [2/2] 2.39ns
_ifconv:14  %example_1_id_load = load i32* %example_1_id_addr, align 4

ST_4: example_2_id_load [2/2] 2.39ns
_ifconv:15  %example_2_id_load = load i32* %example_2_id_addr, align 4

ST_4: example_0_value_addr [1/1] 0.00ns
_ifconv:26  %example_0_value_addr = getelementptr [650 x double]* %example_0_value, i64 0, i64 %tmp_6

ST_4: example_1_value_addr [1/1] 0.00ns
_ifconv:27  %example_1_value_addr = getelementptr [650 x double]* %example_1_value, i64 0, i64 %tmp_6

ST_4: example_2_value_addr [1/1] 0.00ns
_ifconv:28  %example_2_value_addr = getelementptr [600 x double]* %example_2_value, i64 0, i64 %tmp_6

ST_4: example_3_value_addr [1/1] 0.00ns
_ifconv:29  %example_3_value_addr = getelementptr [600 x double]* %example_3_value, i64 0, i64 %tmp_6

ST_4: example_3_value_load [2/2] 2.39ns
_ifconv:35  %example_3_value_load = load double* %example_3_value_addr, align 8

ST_4: example_0_value_load [2/2] 2.39ns
_ifconv:36  %example_0_value_load = load double* %example_0_value_addr, align 8

ST_4: example_1_value_load [2/2] 2.39ns
_ifconv:37  %example_1_value_load = load double* %example_1_value_addr, align 8

ST_4: example_2_value_load [2/2] 2.39ns
_ifconv:38  %example_2_value_load = load double* %example_2_value_addr, align 8

ST_4: i [1/1] 1.72ns
wtDotProduct.exit:6  %i = add i6 %yindex_assign, 1


 <State 5>: 6.50ns
ST_5: example_3_id_load [1/2] 2.39ns
_ifconv:12  %example_3_id_load = load i32* %example_3_id_addr, align 4

ST_5: example_0_id_load [1/2] 2.39ns
_ifconv:13  %example_0_id_load = load i32* %example_0_id_addr, align 4

ST_5: example_1_id_load [1/2] 2.39ns
_ifconv:14  %example_1_id_load = load i32* %example_1_id_addr, align 4

ST_5: example_2_id_load [1/2] 2.39ns
_ifconv:15  %example_2_id_load = load i32* %example_2_id_addr, align 4

ST_5: sel_tmp [1/1] 1.36ns
_ifconv:16  %sel_tmp = icmp eq i2 %tmp_11, 0

ST_5: sel_tmp1 [1/1] 1.37ns
_ifconv:17  %sel_tmp1 = select i1 %sel_tmp, i32 %example_0_id_load, i32 %example_3_id_load

ST_5: sel_tmp2 [1/1] 1.36ns
_ifconv:18  %sel_tmp2 = icmp eq i2 %tmp_11, 1

ST_5: sel_tmp3 [1/1] 1.37ns
_ifconv:19  %sel_tmp3 = select i1 %sel_tmp2, i32 %example_1_id_load, i32 %sel_tmp1

ST_5: sel_tmp4 [1/1] 1.36ns
_ifconv:20  %sel_tmp4 = icmp eq i2 %tmp_11, -2

ST_5: a2 [1/1] 1.37ns
_ifconv:21  %a2 = select i1 %sel_tmp4, i32 %example_2_id_load, i32 %sel_tmp3

ST_5: tmp_8 [1/1] 0.00ns
_ifconv:23  %tmp_8 = sext i32 %p1_0_i to i64

ST_5: weight_addr [1/1] 0.00ns
_ifconv:24  %weight_addr = getelementptr [49 x double]* %weight, i64 0, i64 %tmp_8

ST_5: weight_load [2/2] 2.39ns
_ifconv:25  %weight_load = load double* %weight_addr, align 8

ST_5: example_3_value_load [1/2] 2.39ns
_ifconv:35  %example_3_value_load = load double* %example_3_value_addr, align 8

ST_5: example_0_value_load [1/2] 2.39ns
_ifconv:36  %example_0_value_load = load double* %example_0_value_addr, align 8

ST_5: example_1_value_load [1/2] 2.39ns
_ifconv:37  %example_1_value_load = load double* %example_1_value_addr, align 8

ST_5: example_2_value_load [1/2] 2.39ns
_ifconv:38  %example_2_value_load = load double* %example_2_value_addr, align 8

ST_5: sel_tmp7 [1/1] 1.37ns
_ifconv:39  %sel_tmp7 = select i1 %sel_tmp, double %example_0_value_load, double %example_3_value_load

ST_5: sel_tmp9 [1/1] 1.37ns
_ifconv:40  %sel_tmp9 = select i1 %sel_tmp2, double %example_1_value_load, double %sel_tmp7

ST_5: example_value_load_phi [1/1] 1.37ns
_ifconv:41  %example_value_load_phi = select i1 %sel_tmp4, double %example_2_value_load, double %sel_tmp9


 <State 6>: 5.26ns
ST_6: tmp_7 [1/1] 2.52ns
_ifconv:22  %tmp_7 = icmp eq i32 %p1_0_i, %a2

ST_6: weight_load [1/2] 2.39ns
_ifconv:25  %weight_load = load double* %weight_addr, align 8

ST_6: tmp_s [1/1] 2.52ns
_ifconv:30  %tmp_s = icmp sgt i32 %p1_0_i, %a2

ST_6: p2 [1/1] 2.44ns
_ifconv:31  %p2 = add nsw i32 1, %p2_0_i

ST_6: p1 [1/1] 2.44ns
_ifconv:32  %p1 = add nsw i32 1, %p1_0_i

ST_6: p1_1 [1/1] 1.37ns
_ifconv:33  %p1_1 = select i1 %tmp_s, i32 %p1_0_i, i32 %p1

ST_6: p2_1 [1/1] 1.37ns
_ifconv:34  %p2_1 = select i1 %tmp_s, i32 %p2, i32 %p2_0_i

ST_6: p1_2 [1/1] 1.37ns
_ifconv:44  %p1_2 = select i1 %tmp_7, i32 %p1, i32 %p1_1

ST_6: p2_2 [1/1] 1.37ns
_ifconv:45  %p2_2 = select i1 %tmp_7, i32 %p2, i32 %p2_1


 <State 7>: 7.79ns
ST_7: tmp_9 [6/6] 7.79ns
_ifconv:42  %tmp_9 = fmul double %weight_load, %example_value_load_phi


 <State 8>: 7.79ns
ST_8: tmp_9 [5/6] 7.79ns
_ifconv:42  %tmp_9 = fmul double %weight_load, %example_value_load_phi


 <State 9>: 7.79ns
ST_9: tmp_9 [4/6] 7.79ns
_ifconv:42  %tmp_9 = fmul double %weight_load, %example_value_load_phi


 <State 10>: 7.79ns
ST_10: tmp_9 [3/6] 7.79ns
_ifconv:42  %tmp_9 = fmul double %weight_load, %example_value_load_phi


 <State 11>: 7.79ns
ST_11: tmp_9 [2/6] 7.79ns
_ifconv:42  %tmp_9 = fmul double %weight_load, %example_value_load_phi


 <State 12>: 7.79ns
ST_12: tmp_9 [1/6] 7.79ns
_ifconv:42  %tmp_9 = fmul double %weight_load, %example_value_load_phi


 <State 13>: 8.23ns
ST_13: dot [5/5] 8.23ns
_ifconv:43  %dot = fadd double %dot_0_i, %tmp_9


 <State 14>: 8.23ns
ST_14: dot [4/5] 8.23ns
_ifconv:43  %dot = fadd double %dot_0_i, %tmp_9


 <State 15>: 8.23ns
ST_15: dot [3/5] 8.23ns
_ifconv:43  %dot = fadd double %dot_0_i, %tmp_9


 <State 16>: 8.23ns
ST_16: dot [2/5] 8.23ns
_ifconv:43  %dot = fadd double %dot_0_i, %tmp_9


 <State 17>: 8.23ns
ST_17: dot [1/5] 8.23ns
_ifconv:43  %dot = fadd double %dot_0_i, %tmp_9


 <State 18>: 1.37ns
ST_18: stg_120 [1/1] 0.00ns
_ifconv:0  call void (...)* @_ssdm_op_SpecLoopName([19 x i8]* @p_str925) nounwind

ST_18: tmp_14 [1/1] 0.00ns
_ifconv:1  %tmp_14 = call i32 (...)* @_ssdm_op_SpecRegionBegin([19 x i8]* @p_str925)

ST_18: stg_122 [1/1] 0.00ns
_ifconv:2  call void (...)* @_ssdm_op_SpecLoopTripCount(i32 1, i32 50, i32 25, [1 x i8]* @p_str317) nounwind

ST_18: dot_1 [1/1] 1.37ns
_ifconv:46  %dot_1 = select i1 %tmp_7, double %dot, double %dot_0_i

ST_18: empty_74 [1/1] 0.00ns
_ifconv:47  %empty_74 = call i32 (...)* @_ssdm_op_SpecRegionEnd([19 x i8]* @p_str925, i32 %tmp_14)

ST_18: stg_125 [1/1] 0.00ns
_ifconv:48  br label %.preheader.i


 <State 19>: 6.50ns
ST_19: p_0_i [1/1] 0.00ns
wtDotProduct.exit:0  %p_0_i = phi double [ 0.000000e+00, %2 ], [ %dot_0_i, %.preheader.i ]

ST_19: temp [1/1] 6.50ns
wtDotProduct.exit:1  %temp = fptrunc double %p_0_i to float


 <State 20>: 7.94ns
ST_20: tmp_1 [1/1] 5.55ns
wtDotProduct.exit:2  %tmp_1 = fpext float %temp to double

ST_20: output_addr [1/1] 0.00ns
wtDotProduct.exit:3  %output_addr = getelementptr [50 x double]* %output_r, i64 0, i64 %tmp

ST_20: stg_130 [1/1] 2.39ns
wtDotProduct.exit:4  store double %tmp_1, double* %output_addr, align 8

ST_20: empty_75 [1/1] 0.00ns
wtDotProduct.exit:5  %empty_75 = call i32 (...)* @_ssdm_op_SpecRegionEnd([16 x i8]* @p_str216, i32 %tmp_13)

ST_20: stg_132 [1/1] 0.00ns
wtDotProduct.exit:7  br label %1



============================================================
+ Verbose Summary: Binding
============================================================
STG Binding: 
---------------- STG Properties BEGIN ----------------
- Is combinational: 0
- Is one-state seq: 0
- Is datapath-only: 0
- Is clock enabled: 0
- Is pipelined: 0
- Is top level: 0
Port [ Return ] is wired: 1; IO mode=ap_ctrl_hs:ce=0
Port [ example_0_id]:  wired=1; compound=1; hidden=0; nouse=0; global=0; static=0; extern=0; dir=0; type=1; mode=0x9e7cbb0; pingpong=0; private_global=0; MemPort=[1]; IO mode=ap_memory:ce=0
Port [ example_1_id]:  wired=1; compound=1; hidden=0; nouse=0; global=0; static=0; extern=0; dir=0; type=1; mode=0x9e7cc40; pingpong=0; private_global=0; MemPort=[1]; IO mode=ap_memory:ce=0
Port [ example_2_id]:  wired=1; compound=1; hidden=0; nouse=0; global=0; static=0; extern=0; dir=0; type=1; mode=0x9e7ccd0; pingpong=0; private_global=0; MemPort=[1]; IO mode=ap_memory:ce=0
Port [ example_3_id]:  wired=1; compound=1; hidden=0; nouse=0; global=0; static=0; extern=0; dir=0; type=1; mode=0x9e7cd60; pingpong=0; private_global=0; MemPort=[1]; IO mode=ap_memory:ce=0
Port [ example_0_value]:  wired=1; compound=1; hidden=0; nouse=0; global=0; static=0; extern=0; dir=0; type=1; mode=0x9e7cdf0; pingpong=0; private_global=0; MemPort=[1]; IO mode=ap_memory:ce=0
Port [ example_1_value]:  wired=1; compound=1; hidden=0; nouse=0; global=0; static=0; extern=0; dir=0; type=1; mode=0x9e7ce80; pingpong=0; private_global=0; MemPort=[1]; IO mode=ap_memory:ce=0
Port [ example_2_value]:  wired=1; compound=1; hidden=0; nouse=0; global=0; static=0; extern=0; dir=0; type=1; mode=0x8e41ee0; pingpong=0; private_global=0; MemPort=[1]; IO mode=ap_memory:ce=0
Port [ example_3_value]:  wired=1; compound=1; hidden=0; nouse=0; global=0; static=0; extern=0; dir=0; type=1; mode=0x8e41f70; pingpong=0; private_global=0; MemPort=[1]; IO mode=ap_memory:ce=0
Port [ nonZeroFeature]:  wired=1; compound=1; hidden=0; nouse=0; global=0; static=0; extern=0; dir=0; type=1; mode=0x8e42000; pingpong=0; private_global=0; MemPort=[1]; IO mode=ap_memory:ce=0
Port [ weight]:  wired=1; compound=1; hidden=0; nouse=0; global=0; static=0; extern=0; dir=0; type=1; mode=0x8e42090; pingpong=0; private_global=0; MemPort=[1]; IO mode=ap_memory:ce=0
Port [ output_r]:  wired=1; compound=1; hidden=0; nouse=0; global=0; static=0; extern=0; dir=1; type=1; mode=0x8e42120; pingpong=0; private_global=0; MemPort=[0]; IO mode=ap_memory:ce=0
---------------- STG Properties END ------------------

---------------- Datapath Model BEGIN ----------------

<LifeTime>
<method=bitvector/>
empty                  (specmemcore      ) [ 000000000000000000000]
empty_64               (specmemcore      ) [ 000000000000000000000]
empty_65               (specmemcore      ) [ 000000000000000000000]
empty_66               (specmemcore      ) [ 000000000000000000000]
empty_67               (specmemcore      ) [ 000000000000000000000]
empty_68               (specmemcore      ) [ 000000000000000000000]
empty_69               (specmemcore      ) [ 000000000000000000000]
empty_70               (specmemcore      ) [ 000000000000000000000]
empty_71               (specmemcore      ) [ 000000000000000000000]
empty_72               (specmemcore      ) [ 000000000000000000000]
empty_73               (specmemcore      ) [ 000000000000000000000]
stg_32                 (br               ) [ 011111111111111111111]
yindex_assign          (phi              ) [ 001111111111111111100]
exitcond               (icmp             ) [ 001111111111111111111]
stg_35                 (br               ) [ 000000000000000000000]
tmp                    (zext             ) [ 000111111111111111111]
nonZeroFeature_addr    (getelementptr    ) [ 000100000000000000000]
stg_39                 (ret              ) [ 000000000000000000000]
stg_40                 (speclooptripcount) [ 000000000000000000000]
stg_41                 (specloopname     ) [ 000000000000000000000]
tmp_13                 (specregionbegin  ) [ 000011111111111111111]
stg_43                 (specpipeline     ) [ 000000000000000000000]
tmp_cast_cast          (zext             ) [ 000000000000000000000]
nonZeroFeature_load    (load             ) [ 000011111111111111100]
tmp_2                  (icmp             ) [ 001111111111111111111]
stg_47                 (br               ) [ 001111111111111111111]
tmp_3                  (mul              ) [ 000000000000000000000]
tmp_3_cast             (zext             ) [ 000011111111111111100]
stg_50                 (br               ) [ 001111111111111111111]
p1_0_i                 (phi              ) [ 000011100000000000000]
p2_0_i                 (phi              ) [ 000011100000000000000]
dot_0_i                (phi              ) [ 001111111111111111111]
tmp_4                  (icmp             ) [ 000000000000000000000]
not_i                  (icmp             ) [ 000000000000000000000]
tmp_5                  (and              ) [ 001111111111111111111]
stg_57                 (br               ) [ 001111111111111111111]
tmp_6_cast             (sext             ) [ 000000000000000000000]
p_sum_i                (add              ) [ 000000000000000000000]
tmp_11                 (trunc            ) [ 000001000000000000000]
tmp_10                 (partselect       ) [ 000000000000000000000]
tmp_6                  (sext             ) [ 000000000000000000000]
example_0_id_addr      (getelementptr    ) [ 000001000000000000000]
example_1_id_addr      (getelementptr    ) [ 000001000000000000000]
example_2_id_addr      (getelementptr    ) [ 000001000000000000000]
example_3_id_addr      (getelementptr    ) [ 000001000000000000000]
example_0_value_addr   (getelementptr    ) [ 000001000000000000000]
example_1_value_addr   (getelementptr    ) [ 000001000000000000000]
example_2_value_addr   (getelementptr    ) [ 000001000000000000000]
example_3_value_addr   (getelementptr    ) [ 000001000000000000000]
i                      (add              ) [ 011000000000000000011]
example_3_id_load      (load             ) [ 000000000000000000000]
example_0_id_load      (load             ) [ 000000000000000000000]
example_1_id_load      (load             ) [ 000000000000000000000]
example_2_id_load      (load             ) [ 000000000000000000000]
sel_tmp                (icmp             ) [ 000000000000000000000]
sel_tmp1               (select           ) [ 000000000000000000000]
sel_tmp2               (icmp             ) [ 000000000000000000000]
sel_tmp3               (select           ) [ 000000000000000000000]
sel_tmp4               (icmp             ) [ 000000000000000000000]
a2                     (select           ) [ 000000100000000000000]
tmp_8                  (sext             ) [ 000000000000000000000]
weight_addr            (getelementptr    ) [ 000000100000000000000]
example_3_value_load   (load             ) [ 000000000000000000000]
example_0_value_load   (load             ) [ 000000000000000000000]
example_1_value_load   (load             ) [ 000000000000000000000]
example_2_value_load   (load             ) [ 000000000000000000000]
sel_tmp7               (select           ) [ 000000000000000000000]
sel_tmp9               (select           ) [ 000000000000000000000]
example_value_load_phi (select           ) [ 000000111111100000000]
tmp_7                  (icmp             ) [ 000000011111111111100]
weight_load            (load             ) [ 000000011111100000000]
tmp_s                  (icmp             ) [ 000000000000000000000]
p2                     (add              ) [ 000000000000000000000]
p1                     (add              ) [ 000000000000000000000]
p1_1                   (select           ) [ 000000000000000000000]
p2_1                   (select           ) [ 000000000000000000000]
p1_2                   (select           ) [ 001110011111111111111]
p2_2                   (select           ) [ 001110011111111111111]
tmp_9                  (dmul             ) [ 000000000000011111000]
dot                    (dadd             ) [ 000000000000000000100]
stg_120                (specloopname     ) [ 000000000000000000000]
tmp_14                 (specregionbegin  ) [ 000000000000000000000]
stg_122                (speclooptripcount) [ 000000000000000000000]
dot_1                  (select           ) [ 001111111111111111111]
empty_74               (specregionend    ) [ 000000000000000000000]
stg_125                (br               ) [ 001111111111111111111]
p_0_i                  (phi              ) [ 000000000000000000010]
temp                   (fptrunc          ) [ 000000000000000000001]
tmp_1                  (fpext            ) [ 000000000000000000000]
output_addr            (getelementptr    ) [ 000000000000000000000]
stg_130                (store            ) [ 000000000000000000000]
empty_75               (specregionend    ) [ 000000000000000000000]
stg_132                (br               ) [ 011111111111111111111]
</LifeTime>

<model>

<comp_list>
<comp id="0" class="1000" name="example_0_id">
<pin_list>
<pin id="1" dir="1" index="0" bw="1" slack="0"/>
</pin_list>
<bind>
<StgValue><ssdm name="example_0_id"/><MemPortTyVec>1 </MemPortTyVec>
</StgValue>
</bind>
</comp>

<comp id="2" class="1000" name="example_1_id">
<pin_list>
<pin id="3" dir="1" index="0" bw="1" slack="0"/>
</pin_list>
<bind>
<StgValue><ssdm name="example_1_id"/><MemPortTyVec>1 </MemPortTyVec>
</StgValue>
</bind>
</comp>

<comp id="4" class="1000" name="example_2_id">
<pin_list>
<pin id="5" dir="1" index="0" bw="1" slack="0"/>
</pin_list>
<bind>
<StgValue><ssdm name="example_2_id"/><MemPortTyVec>1 </MemPortTyVec>
</StgValue>
</bind>
</comp>

<comp id="6" class="1000" name="example_3_id">
<pin_list>
<pin id="7" dir="1" index="0" bw="1" slack="0"/>
</pin_list>
<bind>
<StgValue><ssdm name="example_3_id"/><MemPortTyVec>1 </MemPortTyVec>
</StgValue>
</bind>
</comp>

<comp id="8" class="1000" name="example_0_value">
<pin_list>
<pin id="9" dir="1" index="0" bw="1" slack="0"/>
</pin_list>
<bind>
<StgValue><ssdm name="example_0_value"/><MemPortTyVec>1 </MemPortTyVec>
</StgValue>
</bind>
</comp>

<comp id="10" class="1000" name="example_1_value">
<pin_list>
<pin id="11" dir="1" index="0" bw="1" slack="0"/>
</pin_list>
<bind>
<StgValue><ssdm name="example_1_value"/><MemPortTyVec>1 </MemPortTyVec>
</StgValue>
</bind>
</comp>

<comp id="12" class="1000" name="example_2_value">
<pin_list>
<pin id="13" dir="1" index="0" bw="1" slack="0"/>
</pin_list>
<bind>
<StgValue><ssdm name="example_2_value"/><MemPortTyVec>1 </MemPortTyVec>
</StgValue>
</bind>
</comp>

<comp id="14" class="1000" name="example_3_value">
<pin_list>
<pin id="15" dir="1" index="0" bw="1" slack="0"/>
</pin_list>
<bind>
<StgValue><ssdm name="example_3_value"/><MemPortTyVec>1 </MemPortTyVec>
</StgValue>
</bind>
</comp>

<comp id="16" class="1000" name="nonZeroFeature">
<pin_list>
<pin id="17" dir="1" index="0" bw="1" slack="0"/>
</pin_list>
<bind>
<StgValue><ssdm name="nonZeroFeature"/><MemPortTyVec>1 </MemPortTyVec>
</StgValue>
</bind>
</comp>

<comp id="18" class="1000" name="weight">
<pin_list>
<pin id="19" dir="1" index="0" bw="1" slack="0"/>
</pin_list>
<bind>
<StgValue><ssdm name="weight"/><MemPortTyVec>1 </MemPortTyVec>
</StgValue>
</bind>
</comp>

<comp id="20" class="1000" name="output_r">
<pin_list>
<pin id="21" dir="1" index="0" bw="1" slack="0"/>
</pin_list>
<bind>
<StgValue><ssdm name="output_r"/><MemPortTyVec>0 </MemPortTyVec>
</StgValue>
</bind>
</comp>

<comp id="22" class="1001" name="const_22">
<pin_list>
<pin id="23" dir="1" index="0" bw="1" slack="2147483647"/>
</pin_list>
<bind>
<StgValue><ssdm name="_ssdm_op_SpecMemCore"/></StgValue>
</bind>
</comp>

<comp id="24" class="1001" name="const_24">
<pin_list>
<pin id="25" dir="1" index="0" bw="1" slack="2147483647"/>
</pin_list>
<bind>
<StgValue><ssdm name="str48"/></StgValue>
</bind>
</comp>

<comp id="26" class="1001" name="const_26">
<pin_list>
<pin id="27" dir="1" index="0" bw="1" slack="2147483647"/>
</pin_list>
<bind>
<StgValue><ssdm name="str47"/></StgValue>
</bind>
</comp>

<comp id="28" class="1001" name="const_28">
<pin_list>
<pin id="29" dir="1" index="0" bw="1" slack="2147483647"/>
</pin_list>
<bind>
<StgValue><ssdm name=""/></StgValue>
</bind>
</comp>

<comp id="30" class="1001" name="const_30">
<pin_list>
<pin id="31" dir="1" index="0" bw="1" slack="2147483647"/>
</pin_list>
<bind>
<StgValue><ssdm name="str46"/></StgValue>
</bind>
</comp>

<comp id="32" class="1001" name="const_32">
<pin_list>
<pin id="33" dir="1" index="0" bw="1" slack="2147483647"/>
</pin_list>
<bind>
<StgValue><ssdm name="str45"/></StgValue>
</bind>
</comp>

<comp id="34" class="1001" name="const_34">
<pin_list>
<pin id="35" dir="1" index="0" bw="1" slack="2147483647"/>
</pin_list>
<bind>
<StgValue><ssdm name="str44"/></StgValue>
</bind>
</comp>

<comp id="36" class="1001" name="const_36">
<pin_list>
<pin id="37" dir="1" index="0" bw="1" slack="2147483647"/>
</pin_list>
<bind>
<StgValue><ssdm name="str43"/></StgValue>
</bind>
</comp>

<comp id="38" class="1001" name="const_38">
<pin_list>
<pin id="39" dir="1" index="0" bw="1" slack="2147483647"/>
</pin_list>
<bind>
<StgValue><ssdm name="str22"/></StgValue>
</bind>
</comp>

<comp id="40" class="1001" name="const_40">
<pin_list>
<pin id="41" dir="1" index="0" bw="1" slack="2147483647"/>
</pin_list>
<bind>
<StgValue><ssdm name="str21"/></StgValue>
</bind>
</comp>

<comp id="42" class="1001" name="const_42">
<pin_list>
<pin id="43" dir="1" index="0" bw="1" slack="2147483647"/>
</pin_list>
<bind>
<StgValue><ssdm name="str20"/></StgValue>
</bind>
</comp>

<comp id="44" class="1001" name="const_44">
<pin_list>
<pin id="45" dir="1" index="0" bw="1" slack="2147483647"/>
</pin_list>
<bind>
<StgValue><ssdm name="str19"/></StgValue>
</bind>
</comp>

<comp id="46" class="1001" name="const_46">
<pin_list>
<pin id="47" dir="1" index="0" bw="1" slack="2147483647"/>
</pin_list>
<bind>
<StgValue><ssdm name="str18"/></StgValue>
</bind>
</comp>

<comp id="48" class="1001" name="const_48">
<pin_list>
<pin id="49" dir="1" index="0" bw="1" slack="2147483647"/>
</pin_list>
<bind>
<StgValue><ssdm name="str17"/></StgValue>
</bind>
</comp>

<comp id="50" class="1001" name="const_50">
<pin_list>
<pin id="51" dir="1" index="0" bw="1" slack="2147483647"/>
</pin_list>
<bind>
<StgValue><ssdm name="str16"/></StgValue>
</bind>
</comp>

<comp id="52" class="1001" name="const_52">
<pin_list>
<pin id="53" dir="1" index="0" bw="1" slack="2147483647"/>
</pin_list>
<bind>
<StgValue><ssdm name="str15"/></StgValue>
</bind>
</comp>

<comp id="54" class="1001" name="const_54">
<pin_list>
<pin id="55" dir="1" index="0" bw="1" slack="2147483647"/>
</pin_list>
<bind>
<StgValue><ssdm name="str14"/></StgValue>
</bind>
</comp>

<comp id="56" class="1001" name="const_56">
<pin_list>
<pin id="57" dir="1" index="0" bw="1" slack="2147483647"/>
</pin_list>
<bind>
<StgValue><ssdm name="str13"/></StgValue>
</bind>
</comp>

<comp id="58" class="1001" name="const_58">
<pin_list>
<pin id="59" dir="1" index="0" bw="1" slack="2147483647"/>
</pin_list>
<bind>
<StgValue><ssdm name="str12"/></StgValue>
</bind>
</comp>

<comp id="60" class="1001" name="const_60">
<pin_list>
<pin id="61" dir="1" index="0" bw="1" slack="2147483647"/>
</pin_list>
<bind>
<StgValue><ssdm name="str11"/></StgValue>
</bind>
</comp>

<comp id="62" class="1001" name="const_62">
<pin_list>
<pin id="63" dir="1" index="0" bw="1" slack="2147483647"/>
</pin_list>
<bind>
<StgValue><ssdm name="str10"/></StgValue>
</bind>
</comp>

<comp id="64" class="1001" name="const_64">
<pin_list>
<pin id="65" dir="1" index="0" bw="1" slack="2147483647"/>
</pin_list>
<bind>
<StgValue><ssdm name="str9"/></StgValue>
</bind>
</comp>

<comp id="66" class="1001" name="const_66">
<pin_list>
<pin id="67" dir="1" index="0" bw="1" slack="2147483647"/>
</pin_list>
<bind>
<StgValue><ssdm name="str8"/></StgValue>
</bind>
</comp>

<comp id="68" class="1001" name="const_68">
<pin_list>
<pin id="69" dir="1" index="0" bw="1" slack="2147483647"/>
</pin_list>
<bind>
<StgValue><ssdm name="str7"/></StgValue>
</bind>
</comp>

<comp id="70" class="1001" name="const_70">
<pin_list>
<pin id="71" dir="1" index="0" bw="1" slack="0"/>
</pin_list>
<bind>
<StgValue><ssdm name=""/></StgValue>
</bind>
</comp>

<comp id="72" class="1001" name="const_72">
<pin_list>
<pin id="73" dir="1" index="0" bw="1" slack="0"/>
</pin_list>
<bind>
<StgValue><ssdm name=""/></StgValue>
</bind>
</comp>

<comp id="74" class="1001" name="const_74">
<pin_list>
<pin id="75" dir="1" index="0" bw="1" slack="0"/>
</pin_list>
<bind>
<StgValue><ssdm name=""/></StgValue>
</bind>
</comp>

<comp id="76" class="1001" name="const_76">
<pin_list>
<pin id="77" dir="1" index="0" bw="1" slack="2147483647"/>
</pin_list>
<bind>
<StgValue><ssdm name="_ssdm_op_SpecLoopTripCount"/></StgValue>
</bind>
</comp>

<comp id="78" class="1001" name="const_78">
<pin_list>
<pin id="79" dir="1" index="0" bw="1" slack="2147483647"/>
</pin_list>
<bind>
<StgValue><ssdm name=""/></StgValue>
</bind>
</comp>

<comp id="80" class="1001" name="const_80">
<pin_list>
<pin id="81" dir="1" index="0" bw="1" slack="2147483647"/>
</pin_list>
<bind>
<StgValue><ssdm name="_ssdm_op_SpecLoopName"/></StgValue>
</bind>
</comp>

<comp id="82" class="1001" name="const_82">
<pin_list>
<pin id="83" dir="1" index="0" bw="1" slack="2147483647"/>
</pin_list>
<bind>
<StgValue><ssdm name="p_str216"/></StgValue>
</bind>
</comp>

<comp id="84" class="1001" name="const_84">
<pin_list>
<pin id="85" dir="1" index="0" bw="1" slack="2147483647"/>
</pin_list>
<bind>
<StgValue><ssdm name="_ssdm_op_SpecRegionBegin"/></StgValue>
</bind>
</comp>

<comp id="86" class="1001" name="const_86">
<pin_list>
<pin id="87" dir="1" index="0" bw="1" slack="2147483647"/>
</pin_list>
<bind>
<StgValue><ssdm name="_ssdm_op_SpecPipeline"/></StgValue>
</bind>
</comp>

<comp id="88" class="1001" name="const_88">
<pin_list>
<pin id="89" dir="1" index="0" bw="1" slack="0"/>
</pin_list>
<bind>
<StgValue><ssdm name=""/></StgValue>
</bind>
</comp>

<comp id="90" class="1001" name="const_90">
<pin_list>
<pin id="91" dir="1" index="0" bw="1" slack="0"/>
</pin_list>
<bind>
<StgValue><ssdm name=""/></StgValue>
</bind>
</comp>

<comp id="92" class="1001" name="const_92">
<pin_list>
<pin id="93" dir="1" index="0" bw="1" slack="2147483647"/>
</pin_list>
<bind>
<StgValue><ssdm name="p_str317"/></StgValue>
</bind>
</comp>

<comp id="94" class="1001" name="const_94">
<pin_list>
<pin id="95" dir="1" index="0" bw="1" slack="0"/>
</pin_list>
<bind>
<StgValue><ssdm name=""/></StgValue>
</bind>
</comp>

<comp id="96" class="1001" name="const_96">
<pin_list>
<pin id="97" dir="1" index="0" bw="1" slack="1"/>
</pin_list>
<bind>
<StgValue><ssdm name=""/></StgValue>
</bind>
</comp>

<comp id="98" class="1001" name="const_98">
<pin_list>
<pin id="99" dir="1" index="0" bw="1" slack="0"/>
</pin_list>
<bind>
<StgValue><ssdm name=""/></StgValue>
</bind>
</comp>

<comp id="100" class="1001" name="const_100">
<pin_list>
<pin id="101" dir="1" index="0" bw="1" slack="0"/>
</pin_list>
<bind>
<StgValue><ssdm name="_ssdm_op_PartSelect.i5.i33.i32.i32"/></StgValue>
</bind>
</comp>

<comp id="102" class="1001" name="const_102">
<pin_list>
<pin id="103" dir="1" index="0" bw="1" slack="0"/>
</pin_list>
<bind>
<StgValue><ssdm name=""/></StgValue>
</bind>
</comp>

<comp id="104" class="1001" name="const_104">
<pin_list>
<pin id="105" dir="1" index="0" bw="1" slack="0"/>
</pin_list>
<bind>
<StgValue><ssdm name=""/></StgValue>
</bind>
</comp>

<comp id="106" class="1001" name="const_106">
<pin_list>
<pin id="107" dir="1" index="0" bw="1" slack="0"/>
</pin_list>
<bind>
<StgValue><ssdm name=""/></StgValue>
</bind>
</comp>

<comp id="108" class="1001" name="const_108">
<pin_list>
<pin id="109" dir="1" index="0" bw="1" slack="0"/>
</pin_list>
<bind>
<StgValue><ssdm name=""/></StgValue>
</bind>
</comp>

<comp id="110" class="1001" name="const_110">
<pin_list>
<pin id="111" dir="1" index="0" bw="1" slack="0"/>
</pin_list>
<bind>
<StgValue><ssdm name=""/></StgValue>
</bind>
</comp>

<comp id="112" class="1001" name="const_112">
<pin_list>
<pin id="113" dir="1" index="0" bw="1" slack="2147483647"/>
</pin_list>
<bind>
<StgValue><ssdm name="p_str925"/></StgValue>
</bind>
</comp>

<comp id="114" class="1001" name="const_114">
<pin_list>
<pin id="115" dir="1" index="0" bw="1" slack="2147483647"/>
</pin_list>
<bind>
<StgValue><ssdm name=""/></StgValue>
</bind>
</comp>

<comp id="116" class="1001" name="const_116">
<pin_list>
<pin id="117" dir="1" index="0" bw="1" slack="2147483647"/>
</pin_list>
<bind>
<StgValue><ssdm name=""/></StgValue>
</bind>
</comp>

<comp id="118" class="1001" name="const_118">
<pin_list>
<pin id="119" dir="1" index="0" bw="1" slack="2147483647"/>
</pin_list>
<bind>
<StgValue><ssdm name="_ssdm_op_SpecRegionEnd"/></StgValue>
</bind>
</comp>

<comp id="120" class="1004" name="nonZeroFeature_addr_gep_fu_120">
<pin_list>
<pin id="121" dir="0" index="0" bw="32" slack="0"/>
<pin id="122" dir="0" index="1" bw="1" slack="0"/>
<pin id="123" dir="0" index="2" bw="6" slack="0"/>
<pin id="124" dir="1" index="3" bw="6" slack="0"/>
</pin_list>
<bind>
<opcode="getelementptr(29) " fcode="getelementptr"/>
<opset="nonZeroFeature_addr/2 "/>
</bind>
</comp>

<comp id="127" class="1004" name="grp_access_fu_127">
<pin_list>
<pin id="128" dir="0" index="0" bw="6" slack="0"/>
<pin id="129" dir="0" index="1" bw="32" slack="2147483647"/>
<pin id="130" dir="1" index="2" bw="32" slack="0"/>
</pin_list>
<bind>
<opcode="load(27) " fcode="load"/>
<opset="nonZeroFeature_load/2 "/>
</bind>
</comp>

<comp id="132" class="1004" name="example_0_id_addr_gep_fu_132">
<pin_list>
<pin id="133" dir="0" index="0" bw="32" slack="0"/>
<pin id="134" dir="0" index="1" bw="1" slack="0"/>
<pin id="135" dir="0" index="2" bw="5" slack="0"/>
<pin id="136" dir="1" index="3" bw="10" slack="0"/>
</pin_list>
<bind>
<opcode="getelementptr(29) " fcode="getelementptr"/>
<opset="example_0_id_addr/4 "/>
</bind>
</comp>

<comp id="139" class="1004" name="example_1_id_addr_gep_fu_139">
<pin_list>
<pin id="140" dir="0" index="0" bw="32" slack="0"/>
<pin id="141" dir="0" index="1" bw="1" slack="0"/>
<pin id="142" dir="0" index="2" bw="5" slack="0"/>
<pin id="143" dir="1" index="3" bw="10" slack="0"/>
</pin_list>
<bind>
<opcode="getelementptr(29) " fcode="getelementptr"/>
<opset="example_1_id_addr/4 "/>
</bind>
</comp>

<comp id="146" class="1004" name="example_2_id_addr_gep_fu_146">
<pin_list>
<pin id="147" dir="0" index="0" bw="32" slack="0"/>
<pin id="148" dir="0" index="1" bw="1" slack="0"/>
<pin id="149" dir="0" index="2" bw="5" slack="0"/>
<pin id="150" dir="1" index="3" bw="10" slack="0"/>
</pin_list>
<bind>
<opcode="getelementptr(29) " fcode="getelementptr"/>
<opset="example_2_id_addr/4 "/>
</bind>
</comp>

<comp id="153" class="1004" name="example_3_id_addr_gep_fu_153">
<pin_list>
<pin id="154" dir="0" index="0" bw="32" slack="0"/>
<pin id="155" dir="0" index="1" bw="1" slack="0"/>
<pin id="156" dir="0" index="2" bw="5" slack="0"/>
<pin id="157" dir="1" index="3" bw="10" slack="0"/>
</pin_list>
<bind>
<opcode="getelementptr(29) " fcode="getelementptr"/>
<opset="example_3_id_addr/4 "/>
</bind>
</comp>

<comp id="160" class="1004" name="grp_access_fu_160">
<pin_list>
<pin id="161" dir="0" index="0" bw="10" slack="0"/>
<pin id="162" dir="0" index="1" bw="32" slack="2147483647"/>
<pin id="163" dir="1" index="2" bw="32" slack="0"/>
</pin_list>
<bind>
<opcode="load(27) " fcode="load"/>
<opset="example_3_id_load/4 "/>
</bind>
</comp>

<comp id="165" class="1004" name="grp_access_fu_165">
<pin_list>
<pin id="166" dir="0" index="0" bw="10" slack="0"/>
<pin id="167" dir="0" index="1" bw="32" slack="2147483647"/>
<pin id="168" dir="1" index="2" bw="32" slack="0"/>
</pin_list>
<bind>
<opcode="load(27) " fcode="load"/>
<opset="example_0_id_load/4 "/>
</bind>
</comp>

<comp id="170" class="1004" name="grp_access_fu_170">
<pin_list>
<pin id="171" dir="0" index="0" bw="10" slack="0"/>
<pin id="172" dir="0" index="1" bw="32" slack="2147483647"/>
<pin id="173" dir="1" index="2" bw="32" slack="0"/>
</pin_list>
<bind>
<opcode="load(27) " fcode="load"/>
<opset="example_1_id_load/4 "/>
</bind>
</comp>

<comp id="175" class="1004" name="grp_access_fu_175">
<pin_list>
<pin id="176" dir="0" index="0" bw="10" slack="0"/>
<pin id="177" dir="0" index="1" bw="32" slack="2147483647"/>
<pin id="178" dir="1" index="2" bw="32" slack="0"/>
</pin_list>
<bind>
<opcode="load(27) " fcode="load"/>
<opset="example_2_id_load/4 "/>
</bind>
</comp>

<comp id="180" class="1004" name="example_0_value_addr_gep_fu_180">
<pin_list>
<pin id="181" dir="0" index="0" bw="64" slack="0"/>
<pin id="182" dir="0" index="1" bw="1" slack="0"/>
<pin id="183" dir="0" index="2" bw="5" slack="0"/>
<pin id="184" dir="1" index="3" bw="10" slack="0"/>
</pin_list>
<bind>
<opcode="getelementptr(29) " fcode="getelementptr"/>
<opset="example_0_value_addr/4 "/>
</bind>
</comp>

<comp id="187" class="1004" name="example_1_value_addr_gep_fu_187">
<pin_list>
<pin id="188" dir="0" index="0" bw="64" slack="0"/>
<pin id="189" dir="0" index="1" bw="1" slack="0"/>
<pin id="190" dir="0" index="2" bw="5" slack="0"/>
<pin id="191" dir="1" index="3" bw="10" slack="0"/>
</pin_list>
<bind>
<opcode="getelementptr(29) " fcode="getelementptr"/>
<opset="example_1_value_addr/4 "/>
</bind>
</comp>

<comp id="194" class="1004" name="example_2_value_addr_gep_fu_194">
<pin_list>
<pin id="195" dir="0" index="0" bw="64" slack="0"/>
<pin id="196" dir="0" index="1" bw="1" slack="0"/>
<pin id="197" dir="0" index="2" bw="5" slack="0"/>
<pin id="198" dir="1" index="3" bw="10" slack="0"/>
</pin_list>
<bind>
<opcode="getelementptr(29) " fcode="getelementptr"/>
<opset="example_2_value_addr/4 "/>
</bind>
</comp>

<comp id="201" class="1004" name="example_3_value_addr_gep_fu_201">
<pin_list>
<pin id="202" dir="0" index="0" bw="64" slack="0"/>
<pin id="203" dir="0" index="1" bw="1" slack="0"/>
<pin id="204" dir="0" index="2" bw="5" slack="0"/>
<pin id="205" dir="1" index="3" bw="10" slack="0"/>
</pin_list>
<bind>
<opcode="getelementptr(29) " fcode="getelementptr"/>
<opset="example_3_value_addr/4 "/>
</bind>
</comp>

<comp id="208" class="1004" name="grp_access_fu_208">
<pin_list>
<pin id="209" dir="0" index="0" bw="10" slack="0"/>
<pin id="210" dir="0" index="1" bw="64" slack="2147483647"/>
<pin id="211" dir="1" index="2" bw="64" slack="0"/>
</pin_list>
<bind>
<opcode="load(27) " fcode="load"/>
<opset="example_3_value_load/4 "/>
</bind>
</comp>

<comp id="213" class="1004" name="grp_access_fu_213">
<pin_list>
<pin id="214" dir="0" index="0" bw="10" slack="0"/>
<pin id="215" dir="0" index="1" bw="64" slack="2147483647"/>
<pin id="216" dir="1" index="2" bw="64" slack="0"/>
</pin_list>
<bind>
<opcode="load(27) " fcode="load"/>
<opset="example_0_value_load/4 "/>
</bind>
</comp>

<comp id="218" class="1004" name="grp_access_fu_218">
<pin_list>
<pin id="219" dir="0" index="0" bw="10" slack="0"/>
<pin id="220" dir="0" index="1" bw="64" slack="2147483647"/>
<pin id="221" dir="1" index="2" bw="64" slack="0"/>
</pin_list>
<bind>
<opcode="load(27) " fcode="load"/>
<opset="example_1_value_load/4 "/>
</bind>
</comp>

<comp id="223" class="1004" name="grp_access_fu_223">
<pin_list>
<pin id="224" dir="0" index="0" bw="10" slack="0"/>
<pin id="225" dir="0" index="1" bw="64" slack="2147483647"/>
<pin id="226" dir="1" index="2" bw="64" slack="0"/>
</pin_list>
<bind>
<opcode="load(27) " fcode="load"/>
<opset="example_2_value_load/4 "/>
</bind>
</comp>

<comp id="228" class="1004" name="weight_addr_gep_fu_228">
<pin_list>
<pin id="229" dir="0" index="0" bw="64" slack="0"/>
<pin id="230" dir="0" index="1" bw="1" slack="0"/>
<pin id="231" dir="0" index="2" bw="32" slack="0"/>
<pin id="232" dir="1" index="3" bw="6" slack="0"/>
</pin_list>
<bind>
<opcode="getelementptr(29) " fcode="getelementptr"/>
<opset="weight_addr/5 "/>
</bind>
</comp>

<comp id="235" class="1004" name="grp_access_fu_235">
<pin_list>
<pin id="236" dir="0" index="0" bw="6" slack="0"/>
<pin id="237" dir="0" index="1" bw="64" slack="2147483647"/>
<pin id="238" dir="1" index="2" bw="64" slack="1"/>
</pin_list>
<bind>
<opcode="load(27) " fcode="load"/>
<opset="weight_load/5 "/>
</bind>
</comp>

<comp id="240" class="1004" name="output_addr_gep_fu_240">
<pin_list>
<pin id="241" dir="0" index="0" bw="64" slack="0"/>
<pin id="242" dir="0" index="1" bw="1" slack="0"/>
<pin id="243" dir="0" index="2" bw="6" slack="4"/>
<pin id="244" dir="1" index="3" bw="6" slack="0"/>
</pin_list>
<bind>
<opcode="getelementptr(29) " fcode="getelementptr"/>
<opset="output_addr/20 "/>
</bind>
</comp>

<comp id="247" class="1004" name="stg_130_access_fu_247">
<pin_list>
<pin id="248" dir="0" index="0" bw="6" slack="0"/>
<pin id="249" dir="0" index="1" bw="64" slack="0"/>
<pin id="250" dir="1" index="2" bw="64" slack="2147483647"/>
</pin_list>
<bind>
<opcode="store(28) " fcode="store"/>
<opset="stg_130/20 "/>
</bind>
</comp>

<comp id="252" class="1005" name="yindex_assign_reg_252">
<pin_list>
<pin id="253" dir="0" index="0" bw="6" slack="1"/>
<pin id="254" dir="1" index="1" bw="6" slack="1"/>
</pin_list>
<bind>
<opset="yindex_assign (phireg) "/>
</bind>
</comp>

<comp id="256" class="1004" name="yindex_assign_phi_fu_256">
<pin_list>
<pin id="257" dir="0" index="0" bw="1" slack="1"/>
<pin id="258" dir="0" index="1" bw="0" slack="2147483647"/>
<pin id="259" dir="0" index="2" bw="6" slack="1"/>
<pin id="260" dir="0" index="3" bw="0" slack="2147483647"/>
<pin id="261" dir="1" index="4" bw="6" slack="0"/>
</pin_list>
<bind>
<opcode="phi(47) " fcode="phi"/>
<opset="yindex_assign/2 "/>
</bind>
</comp>

<comp id="264" class="1005" name="p1_0_i_reg_264">
<pin_list>
<pin id="265" dir="0" index="0" bw="32" slack="1"/>
<pin id="266" dir="1" index="1" bw="32" slack="1"/>
</pin_list>
<bind>
<opset="p1_0_i (phireg) "/>
</bind>
</comp>

<comp id="268" class="1004" name="p1_0_i_phi_fu_268">
<pin_list>
<pin id="269" dir="0" index="0" bw="32" slack="1"/>
<pin id="270" dir="0" index="1" bw="0" slack="2147483647"/>
<pin id="271" dir="0" index="2" bw="1" slack="1"/>
<pin id="272" dir="0" index="3" bw="0" slack="2147483647"/>
<pin id="273" dir="1" index="4" bw="32" slack="0"/>
</pin_list>
<bind>
<opcode="phi(47) " fcode="phi"/>
<opset="p1_0_i/4 "/>
</bind>
</comp>

<comp id="276" class="1005" name="p2_0_i_reg_276">
<pin_list>
<pin id="277" dir="0" index="0" bw="32" slack="1"/>
<pin id="278" dir="1" index="1" bw="32" slack="1"/>
</pin_list>
<bind>
<opset="p2_0_i (phireg) "/>
</bind>
</comp>

<comp id="280" class="1004" name="p2_0_i_phi_fu_280">
<pin_list>
<pin id="281" dir="0" index="0" bw="32" slack="1"/>
<pin id="282" dir="0" index="1" bw="0" slack="2147483647"/>
<pin id="283" dir="0" index="2" bw="1" slack="1"/>
<pin id="284" dir="0" index="3" bw="0" slack="2147483647"/>
<pin id="285" dir="1" index="4" bw="32" slack="0"/>
</pin_list>
<bind>
<opcode="phi(47) " fcode="phi"/>
<opset="p2_0_i/4 "/>
</bind>
</comp>

<comp id="288" class="1005" name="dot_0_i_reg_288">
<pin_list>
<pin id="289" dir="0" index="0" bw="64" slack="1"/>
<pin id="290" dir="1" index="1" bw="64" slack="1"/>
</pin_list>
<bind>
<opset="dot_0_i (phireg) "/>
</bind>
</comp>

<comp id="292" class="1004" name="dot_0_i_phi_fu_292">
<pin_list>
<pin id="293" dir="0" index="0" bw="64" slack="1"/>
<pin id="294" dir="0" index="1" bw="0" slack="2147483647"/>
<pin id="295" dir="0" index="2" bw="64" slack="1"/>
<pin id="296" dir="0" index="3" bw="0" slack="2147483647"/>
<pin id="297" dir="1" index="4" bw="64" slack="1"/>
</pin_list>
<bind>
<opcode="phi(47) " fcode="phi"/>
<opset="dot_0_i/4 "/>
</bind>
</comp>

<comp id="300" class="1005" name="p_0_i_reg_300">
<pin_list>
<pin id="301" dir="0" index="0" bw="64" slack="2"/>
<pin id="302" dir="1" index="1" bw="64" slack="2"/>
</pin_list>
<bind>
<opset="p_0_i (phireg) "/>
</bind>
</comp>

<comp id="304" class="1004" name="p_0_i_phi_fu_304">
<pin_list>
<pin id="305" dir="0" index="0" bw="64" slack="2"/>
<pin id="306" dir="0" index="1" bw="0" slack="2147483647"/>
<pin id="307" dir="0" index="2" bw="64" slack="1"/>
<pin id="308" dir="0" index="3" bw="0" slack="2147483647"/>
<pin id="309" dir="1" index="4" bw="64" slack="0"/>
</pin_list>
<bind>
<opcode="phi(47) " fcode="phi"/>
<opset="p_0_i/19 "/>
</bind>
</comp>

<comp id="313" class="1004" name="temp_fu_313">
<pin_list>
<pin id="314" dir="0" index="0" bw="64" slack="0"/>
<pin id="315" dir="1" index="1" bw="32" slack="1"/>
</pin_list>
<bind>
<opcode="fptrunc(40) " fcode="fptrunc"/>
<opset="temp/19 "/>
</bind>
</comp>

<comp id="317" class="1004" name="tmp_1_fu_317">
<pin_list>
<pin id="318" dir="0" index="0" bw="32" slack="1"/>
<pin id="319" dir="1" index="1" bw="64" slack="0"/>
</pin_list>
<bind>
<opcode="fpext(41) " fcode="fpext"/>
<opset="tmp_1/20 "/>
</bind>
</comp>

<comp id="321" class="1004" name="grp_fu_321">
<pin_list>
<pin id="322" dir="0" index="0" bw="64" slack="9"/>
<pin id="323" dir="0" index="1" bw="64" slack="1"/>
<pin id="324" dir="1" index="2" bw="64" slack="1"/>
</pin_list>
<bind>
<opcode="dadd(508) " fcode="dadd"/>
<opset="dot/13 "/>
</bind>
</comp>

<comp id="326" class="1004" name="grp_fu_326">
<pin_list>
<pin id="327" dir="0" index="0" bw="64" slack="1"/>
<pin id="328" dir="0" index="1" bw="64" slack="2"/>
<pin id="329" dir="1" index="2" bw="64" slack="1"/>
</pin_list>
<bind>
<opcode="dmul(510) " fcode="dmul"/>
<opset="tmp_9/7 "/>
</bind>
</comp>

<comp id="330" class="1004" name="exitcond_fu_330">
<pin_list>
<pin id="331" dir="0" index="0" bw="6" slack="0"/>
<pin id="332" dir="0" index="1" bw="5" slack="0"/>
<pin id="333" dir="1" index="2" bw="1" slack="2147483647"/>
</pin_list>
<bind>
<opcode="icmp(45) " fcode="icmp"/>
<opset="exitcond/2 "/>
</bind>
</comp>

<comp id="336" class="1004" name="tmp_fu_336">
<pin_list>
<pin id="337" dir="0" index="0" bw="6" slack="0"/>
<pin id="338" dir="1" index="1" bw="64" slack="0"/>
</pin_list>
<bind>
<opcode="zext(34) " fcode="zext"/>
<opset="tmp/2 "/>
</bind>
</comp>

<comp id="341" class="1004" name="tmp_cast_cast_fu_341">
<pin_list>
<pin id="342" dir="0" index="0" bw="6" slack="1"/>
<pin id="343" dir="1" index="1" bw="13" slack="0"/>
</pin_list>
<bind>
<opcode="zext(34) " fcode="zext"/>
<opset="tmp_cast_cast/3 "/>
</bind>
</comp>

<comp id="345" class="1004" name="tmp_2_fu_345">
<pin_list>
<pin id="346" dir="0" index="0" bw="32" slack="0"/>
<pin id="347" dir="0" index="1" bw="1" slack="0"/>
<pin id="348" dir="1" index="2" bw="1" slack="1"/>
</pin_list>
<bind>
<opcode="icmp(45) " fcode="icmp"/>
<opset="tmp_2/3 "/>
</bind>
</comp>

<comp id="351" class="1004" name="tmp_3_fu_351">
<pin_list>
<pin id="352" dir="0" index="0" bw="6" slack="0"/>
<pin id="353" dir="0" index="1" bw="7" slack="0"/>
<pin id="354" dir="1" index="2" bw="13" slack="0"/>
</pin_list>
<bind>
<opcode="mul(12) " fcode="mul"/>
<opset="tmp_3/3 "/>
</bind>
</comp>

<comp id="357" class="1004" name="tmp_3_cast_fu_357">
<pin_list>
<pin id="358" dir="0" index="0" bw="13" slack="0"/>
<pin id="359" dir="1" index="1" bw="33" slack="1"/>
</pin_list>
<bind>
<opcode="zext(34) " fcode="zext"/>
<opset="tmp_3_cast/3 "/>
</bind>
</comp>

<comp id="361" class="1004" name="tmp_4_fu_361">
<pin_list>
<pin id="362" dir="0" index="0" bw="32" slack="0"/>
<pin id="363" dir="0" index="1" bw="32" slack="1"/>
<pin id="364" dir="1" index="2" bw="1" slack="0"/>
</pin_list>
<bind>
<opcode="icmp(45) " fcode="icmp"/>
<opset="tmp_4/4 "/>
</bind>
</comp>

<comp id="366" class="1004" name="not_i_fu_366">
<pin_list>
<pin id="367" dir="0" index="0" bw="32" slack="0"/>
<pin id="368" dir="0" index="1" bw="7" slack="0"/>
<pin id="369" dir="1" index="2" bw="1" slack="0"/>
</pin_list>
<bind>
<opcode="icmp(45) " fcode="icmp"/>
<opset="not_i/4 "/>
</bind>
</comp>

<comp id="372" class="1004" name="tmp_5_fu_372">
<pin_list>
<pin id="373" dir="0" index="0" bw="1" slack="0"/>
<pin id="374" dir="0" index="1" bw="1" slack="0"/>
<pin id="375" dir="1" index="2" bw="1" slack="2147483647"/>
</pin_list>
<bind>
<opcode="and(23) " fcode="and"/>
<opset="tmp_5/4 "/>
</bind>
</comp>

<comp id="378" class="1004" name="tmp_6_cast_fu_378">
<pin_list>
<pin id="379" dir="0" index="0" bw="32" slack="0"/>
<pin id="380" dir="1" index="1" bw="33" slack="0"/>
</pin_list>
<bind>
<opcode="sext(35) " fcode="sext"/>
<opset="tmp_6_cast/4 "/>
</bind>
</comp>

<comp id="382" class="1004" name="p_sum_i_fu_382">
<pin_list>
<pin id="383" dir="0" index="0" bw="13" slack="1"/>
<pin id="384" dir="0" index="1" bw="32" slack="0"/>
<pin id="385" dir="1" index="2" bw="33" slack="0"/>
</pin_list>
<bind>
<opcode="add(8) " fcode="add"/>
<opset="p_sum_i/4 "/>
</bind>
</comp>

<comp id="387" class="1004" name="tmp_11_fu_387">
<pin_list>
<pin id="388" dir="0" index="0" bw="33" slack="0"/>
<pin id="389" dir="1" index="1" bw="2" slack="1"/>
</pin_list>
<bind>
<opcode="trunc(33) " fcode="trunc"/>
<opset="tmp_11/4 "/>
</bind>
</comp>

<comp id="391" class="1004" name="tmp_10_fu_391">
<pin_list>
<pin id="392" dir="0" index="0" bw="5" slack="0"/>
<pin id="393" dir="0" index="1" bw="33" slack="0"/>
<pin id="394" dir="0" index="2" bw="3" slack="0"/>
<pin id="395" dir="0" index="3" bw="4" slack="0"/>
<pin id="396" dir="1" index="4" bw="5" slack="0"/>
</pin_list>
<bind>
<opcode="partselect(1002) " fcode="partselect"/>
<opset="tmp_10/4 "/>
</bind>
</comp>

<comp id="401" class="1004" name="tmp_6_fu_401">
<pin_list>
<pin id="402" dir="0" index="0" bw="5" slack="0"/>
<pin id="403" dir="1" index="1" bw="64" slack="0"/>
</pin_list>
<bind>
<opcode="sext(35) " fcode="sext"/>
<opset="tmp_6/4 "/>
</bind>
</comp>

<comp id="413" class="1004" name="i_fu_413">
<pin_list>
<pin id="414" dir="0" index="0" bw="6" slack="2"/>
<pin id="415" dir="0" index="1" bw="1" slack="0"/>
<pin id="416" dir="1" index="2" bw="6" slack="1"/>
</pin_list>
<bind>
<opcode="add(8) " fcode="add"/>
<opset="i/4 "/>
</bind>
</comp>

<comp id="419" class="1004" name="sel_tmp_fu_419">
<pin_list>
<pin id="420" dir="0" index="0" bw="2" slack="1"/>
<pin id="421" dir="0" index="1" bw="1" slack="0"/>
<pin id="422" dir="1" index="2" bw="1" slack="0"/>
</pin_list>
<bind>
<opcode="icmp(45) " fcode="icmp"/>
<opset="sel_tmp/5 "/>
</bind>
</comp>

<comp id="424" class="1004" name="sel_tmp1_fu_424">
<pin_list>
<pin id="425" dir="0" index="0" bw="1" slack="0"/>
<pin id="426" dir="0" index="1" bw="32" slack="0"/>
<pin id="427" dir="0" index="2" bw="32" slack="0"/>
<pin id="428" dir="1" index="3" bw="32" slack="0"/>
</pin_list>
<bind>
<opcode="select(49) " fcode="select"/>
<opset="sel_tmp1/5 "/>
</bind>
</comp>

<comp id="432" class="1004" name="sel_tmp2_fu_432">
<pin_list>
<pin id="433" dir="0" index="0" bw="2" slack="1"/>
<pin id="434" dir="0" index="1" bw="1" slack="0"/>
<pin id="435" dir="1" index="2" bw="1" slack="0"/>
</pin_list>
<bind>
<opcode="icmp(45) " fcode="icmp"/>
<opset="sel_tmp2/5 "/>
</bind>
</comp>

<comp id="437" class="1004" name="sel_tmp3_fu_437">
<pin_list>
<pin id="438" dir="0" index="0" bw="1" slack="0"/>
<pin id="439" dir="0" index="1" bw="32" slack="0"/>
<pin id="440" dir="0" index="2" bw="32" slack="0"/>
<pin id="441" dir="1" index="3" bw="32" slack="0"/>
</pin_list>
<bind>
<opcode="select(49) " fcode="select"/>
<opset="sel_tmp3/5 "/>
</bind>
</comp>

<comp id="445" class="1004" name="sel_tmp4_fu_445">
<pin_list>
<pin id="446" dir="0" index="0" bw="2" slack="1"/>
<pin id="447" dir="0" index="1" bw="2" slack="0"/>
<pin id="448" dir="1" index="2" bw="1" slack="0"/>
</pin_list>
<bind>
<opcode="icmp(45) " fcode="icmp"/>
<opset="sel_tmp4/5 "/>
</bind>
</comp>

<comp id="450" class="1004" name="a2_fu_450">
<pin_list>
<pin id="451" dir="0" index="0" bw="1" slack="0"/>
<pin id="452" dir="0" index="1" bw="32" slack="0"/>
<pin id="453" dir="0" index="2" bw="32" slack="0"/>
<pin id="454" dir="1" index="3" bw="32" slack="1"/>
</pin_list>
<bind>
<opcode="select(49) " fcode="select"/>
<opset="a2/5 "/>
</bind>
</comp>

<comp id="458" class="1004" name="tmp_8_fu_458">
<pin_list>
<pin id="459" dir="0" index="0" bw="32" slack="1"/>
<pin id="460" dir="1" index="1" bw="64" slack="0"/>
</pin_list>
<bind>
<opcode="sext(35) " fcode="sext"/>
<opset="tmp_8/5 "/>
</bind>
</comp>

<comp id="463" class="1004" name="sel_tmp7_fu_463">
<pin_list>
<pin id="464" dir="0" index="0" bw="1" slack="0"/>
<pin id="465" dir="0" index="1" bw="64" slack="0"/>
<pin id="466" dir="0" index="2" bw="64" slack="0"/>
<pin id="467" dir="1" index="3" bw="64" slack="0"/>
</pin_list>
<bind>
<opcode="select(49) " fcode="select"/>
<opset="sel_tmp7/5 "/>
</bind>
</comp>

<comp id="471" class="1004" name="sel_tmp9_fu_471">
<pin_list>
<pin id="472" dir="0" index="0" bw="1" slack="0"/>
<pin id="473" dir="0" index="1" bw="64" slack="0"/>
<pin id="474" dir="0" index="2" bw="64" slack="0"/>
<pin id="475" dir="1" index="3" bw="64" slack="0"/>
</pin_list>
<bind>
<opcode="select(49) " fcode="select"/>
<opset="sel_tmp9/5 "/>
</bind>
</comp>

<comp id="479" class="1004" name="example_value_load_phi_fu_479">
<pin_list>
<pin id="480" dir="0" index="0" bw="1" slack="0"/>
<pin id="481" dir="0" index="1" bw="64" slack="0"/>
<pin id="482" dir="0" index="2" bw="64" slack="0"/>
<pin id="483" dir="1" index="3" bw="64" slack="2"/>
</pin_list>
<bind>
<opcode="select(49) " fcode="select"/>
<opset="example_value_load_phi/5 "/>
</bind>
</comp>

<comp id="487" class="1004" name="tmp_7_fu_487">
<pin_list>
<pin id="488" dir="0" index="0" bw="32" slack="2"/>
<pin id="489" dir="0" index="1" bw="32" slack="1"/>
<pin id="490" dir="1" index="2" bw="1" slack="0"/>
</pin_list>
<bind>
<opcode="icmp(45) " fcode="icmp"/>
<opset="tmp_7/6 "/>
</bind>
</comp>

<comp id="492" class="1004" name="tmp_s_fu_492">
<pin_list>
<pin id="493" dir="0" index="0" bw="32" slack="2"/>
<pin id="494" dir="0" index="1" bw="32" slack="1"/>
<pin id="495" dir="1" index="2" bw="1" slack="0"/>
</pin_list>
<bind>
<opcode="icmp(45) " fcode="icmp"/>
<opset="tmp_s/6 "/>
</bind>
</comp>

<comp id="497" class="1004" name="p2_fu_497">
<pin_list>
<pin id="498" dir="0" index="0" bw="1" slack="0"/>
<pin id="499" dir="0" index="1" bw="32" slack="2"/>
<pin id="500" dir="1" index="2" bw="32" slack="0"/>
</pin_list>
<bind>
<opcode="add(8) " fcode="add"/>
<opset="p2/6 "/>
</bind>
</comp>

<comp id="503" class="1004" name="p1_fu_503">
<pin_list>
<pin id="504" dir="0" index="0" bw="1" slack="0"/>
<pin id="505" dir="0" index="1" bw="32" slack="2"/>
<pin id="506" dir="1" index="2" bw="32" slack="0"/>
</pin_list>
<bind>
<opcode="add(8) " fcode="add"/>
<opset="p1/6 "/>
</bind>
</comp>

<comp id="509" class="1004" name="p1_1_fu_509">
<pin_list>
<pin id="510" dir="0" index="0" bw="1" slack="0"/>
<pin id="511" dir="0" index="1" bw="32" slack="2"/>
<pin id="512" dir="0" index="2" bw="32" slack="0"/>
<pin id="513" dir="1" index="3" bw="32" slack="0"/>
</pin_list>
<bind>
<opcode="select(49) " fcode="select"/>
<opset="p1_1/6 "/>
</bind>
</comp>

<comp id="517" class="1004" name="p2_1_fu_517">
<pin_list>
<pin id="518" dir="0" index="0" bw="1" slack="0"/>
<pin id="519" dir="0" index="1" bw="32" slack="0"/>
<pin id="520" dir="0" index="2" bw="32" slack="2"/>
<pin id="521" dir="1" index="3" bw="32" slack="0"/>
</pin_list>
<bind>
<opcode="select(49) " fcode="select"/>
<opset="p2_1/6 "/>
</bind>
</comp>

<comp id="525" class="1004" name="p1_2_fu_525">
<pin_list>
<pin id="526" dir="0" index="0" bw="1" slack="0"/>
<pin id="527" dir="0" index="1" bw="32" slack="0"/>
<pin id="528" dir="0" index="2" bw="32" slack="0"/>
<pin id="529" dir="1" index="3" bw="32" slack="1"/>
</pin_list>
<bind>
<opcode="select(49) " fcode="select"/>
<opset="p1_2/6 "/>
</bind>
</comp>

<comp id="533" class="1004" name="p2_2_fu_533">
<pin_list>
<pin id="534" dir="0" index="0" bw="1" slack="0"/>
<pin id="535" dir="0" index="1" bw="32" slack="0"/>
<pin id="536" dir="0" index="2" bw="32" slack="0"/>
<pin id="537" dir="1" index="3" bw="32" slack="1"/>
</pin_list>
<bind>
<opcode="select(49) " fcode="select"/>
<opset="p2_2/6 "/>
</bind>
</comp>

<comp id="541" class="1004" name="dot_1_fu_541">
<pin_list>
<pin id="542" dir="0" index="0" bw="1" slack="12"/>
<pin id="543" dir="0" index="1" bw="64" slack="1"/>
<pin id="544" dir="0" index="2" bw="64" slack="14"/>
<pin id="545" dir="1" index="3" bw="64" slack="1"/>
</pin_list>
<bind>
<opcode="select(49) " fcode="select"/>
<opset="dot_1/18 "/>
</bind>
</comp>

<comp id="550" class="1005" name="tmp_reg_550">
<pin_list>
<pin id="551" dir="0" index="0" bw="64" slack="4"/>
<pin id="552" dir="1" index="1" bw="64" slack="4"/>
</pin_list>
<bind>
<opset="tmp "/>
</bind>
</comp>

<comp id="555" class="1005" name="nonZeroFeature_addr_reg_555">
<pin_list>
<pin id="556" dir="0" index="0" bw="6" slack="1"/>
<pin id="557" dir="1" index="1" bw="6" slack="1"/>
</pin_list>
<bind>
<opset="nonZeroFeature_addr "/>
</bind>
</comp>

<comp id="560" class="1005" name="nonZeroFeature_load_reg_560">
<pin_list>
<pin id="561" dir="0" index="0" bw="32" slack="1"/>
<pin id="562" dir="1" index="1" bw="32" slack="1"/>
</pin_list>
<bind>
<opset="nonZeroFeature_load "/>
</bind>
</comp>

<comp id="565" class="1005" name="tmp_2_reg_565">
<pin_list>
<pin id="566" dir="0" index="0" bw="1" slack="1"/>
<pin id="567" dir="1" index="1" bw="1" slack="2147483647"/>
</pin_list>
<bind>
<opset="tmp_2 "/>
</bind>
</comp>

<comp id="569" class="1005" name="tmp_3_cast_reg_569">
<pin_list>
<pin id="570" dir="0" index="0" bw="33" slack="1"/>
<pin id="571" dir="1" index="1" bw="33" slack="1"/>
</pin_list>
<bind>
<opset="tmp_3_cast "/>
</bind>
</comp>

<comp id="577" class="1005" name="tmp_11_reg_577">
<pin_list>
<pin id="578" dir="0" index="0" bw="2" slack="1"/>
<pin id="579" dir="1" index="1" bw="2" slack="1"/>
</pin_list>
<bind>
<opset="tmp_11 "/>
</bind>
</comp>

<comp id="584" class="1005" name="example_0_id_addr_reg_584">
<pin_list>
<pin id="585" dir="0" index="0" bw="10" slack="1"/>
<pin id="586" dir="1" index="1" bw="10" slack="1"/>
</pin_list>
<bind>
<opset="example_0_id_addr "/>
</bind>
</comp>

<comp id="589" class="1005" name="example_1_id_addr_reg_589">
<pin_list>
<pin id="590" dir="0" index="0" bw="10" slack="1"/>
<pin id="591" dir="1" index="1" bw="10" slack="1"/>
</pin_list>
<bind>
<opset="example_1_id_addr "/>
</bind>
</comp>

<comp id="594" class="1005" name="example_2_id_addr_reg_594">
<pin_list>
<pin id="595" dir="0" index="0" bw="10" slack="1"/>
<pin id="596" dir="1" index="1" bw="10" slack="1"/>
</pin_list>
<bind>
<opset="example_2_id_addr "/>
</bind>
</comp>

<comp id="599" class="1005" name="example_3_id_addr_reg_599">
<pin_list>
<pin id="600" dir="0" index="0" bw="10" slack="1"/>
<pin id="601" dir="1" index="1" bw="10" slack="1"/>
</pin_list>
<bind>
<opset="example_3_id_addr "/>
</bind>
</comp>

<comp id="604" class="1005" name="example_0_value_addr_reg_604">
<pin_list>
<pin id="605" dir="0" index="0" bw="10" slack="1"/>
<pin id="606" dir="1" index="1" bw="10" slack="1"/>
</pin_list>
<bind>
<opset="example_0_value_addr "/>
</bind>
</comp>

<comp id="609" class="1005" name="example_1_value_addr_reg_609">
<pin_list>
<pin id="610" dir="0" index="0" bw="10" slack="1"/>
<pin id="611" dir="1" index="1" bw="10" slack="1"/>
</pin_list>
<bind>
<opset="example_1_value_addr "/>
</bind>
</comp>

<comp id="614" class="1005" name="example_2_value_addr_reg_614">
<pin_list>
<pin id="615" dir="0" index="0" bw="10" slack="1"/>
<pin id="616" dir="1" index="1" bw="10" slack="1"/>
</pin_list>
<bind>
<opset="example_2_value_addr "/>
</bind>
</comp>

<comp id="619" class="1005" name="example_3_value_addr_reg_619">
<pin_list>
<pin id="620" dir="0" index="0" bw="10" slack="1"/>
<pin id="621" dir="1" index="1" bw="10" slack="1"/>
</pin_list>
<bind>
<opset="example_3_value_addr "/>
</bind>
</comp>

<comp id="624" class="1005" name="i_reg_624">
<pin_list>
<pin id="625" dir="0" index="0" bw="6" slack="1"/>
<pin id="626" dir="1" index="1" bw="6" slack="1"/>
</pin_list>
<bind>
<opset="i "/>
</bind>
</comp>

<comp id="629" class="1005" name="a2_reg_629">
<pin_list>
<pin id="630" dir="0" index="0" bw="32" slack="1"/>
<pin id="631" dir="1" index="1" bw="32" slack="1"/>
</pin_list>
<bind>
<opset="a2 "/>
</bind>
</comp>

<comp id="635" class="1005" name="weight_addr_reg_635">
<pin_list>
<pin id="636" dir="0" index="0" bw="6" slack="1"/>
<pin id="637" dir="1" index="1" bw="6" slack="1"/>
</pin_list>
<bind>
<opset="weight_addr "/>
</bind>
</comp>

<comp id="640" class="1005" name="example_value_load_phi_reg_640">
<pin_list>
<pin id="641" dir="0" index="0" bw="64" slack="2"/>
<pin id="642" dir="1" index="1" bw="64" slack="2"/>
</pin_list>
<bind>
<opset="example_value_load_phi "/>
</bind>
</comp>

<comp id="645" class="1005" name="tmp_7_reg_645">
<pin_list>
<pin id="646" dir="0" index="0" bw="1" slack="1"/>
<pin id="647" dir="1" index="1" bw="1" slack="12"/>
</pin_list>
<bind>
<opset="tmp_7 "/>
</bind>
</comp>

<comp id="650" class="1005" name="weight_load_reg_650">
<pin_list>
<pin id="651" dir="0" index="0" bw="64" slack="1"/>
<pin id="652" dir="1" index="1" bw="64" slack="1"/>
</pin_list>
<bind>
<opset="weight_load "/>
</bind>
</comp>

<comp id="655" class="1005" name="p1_2_reg_655">
<pin_list>
<pin id="656" dir="0" index="0" bw="32" slack="1"/>
<pin id="657" dir="1" index="1" bw="32" slack="1"/>
</pin_list>
<bind>
<opset="p1_2 "/>
</bind>
</comp>

<comp id="660" class="1005" name="p2_2_reg_660">
<pin_list>
<pin id="661" dir="0" index="0" bw="32" slack="1"/>
<pin id="662" dir="1" index="1" bw="32" slack="1"/>
</pin_list>
<bind>
<opset="p2_2 "/>
</bind>
</comp>

<comp id="665" class="1005" name="tmp_9_reg_665">
<pin_list>
<pin id="666" dir="0" index="0" bw="64" slack="1"/>
<pin id="667" dir="1" index="1" bw="64" slack="1"/>
</pin_list>
<bind>
<opset="tmp_9 "/>
</bind>
</comp>

<comp id="670" class="1005" name="dot_reg_670">
<pin_list>
<pin id="671" dir="0" index="0" bw="64" slack="1"/>
<pin id="672" dir="1" index="1" bw="64" slack="1"/>
</pin_list>
<bind>
<opset="dot "/>
</bind>
</comp>

<comp id="675" class="1005" name="dot_1_reg_675">
<pin_list>
<pin id="676" dir="0" index="0" bw="64" slack="1"/>
<pin id="677" dir="1" index="1" bw="64" slack="1"/>
</pin_list>
<bind>
<opset="dot_1 "/>
</bind>
</comp>

<comp id="680" class="1005" name="temp_reg_680">
<pin_list>
<pin id="681" dir="0" index="0" bw="32" slack="1"/>
<pin id="682" dir="1" index="1" bw="32" slack="1"/>
</pin_list>
<bind>
<opset="temp "/>
</bind>
</comp>

</comp_list>

<net_list>
<net id="125"><net_src comp="16" pin="0"/><net_sink comp="120" pin=0"/></net>

<net id="126"><net_src comp="74" pin="0"/><net_sink comp="120" pin=1"/></net>

<net id="131"><net_src comp="120" pin="3"/><net_sink comp="127" pin=0"/></net>

<net id="137"><net_src comp="0" pin="0"/><net_sink comp="132" pin=0"/></net>

<net id="138"><net_src comp="74" pin="0"/><net_sink comp="132" pin=1"/></net>

<net id="144"><net_src comp="2" pin="0"/><net_sink comp="139" pin=0"/></net>

<net id="145"><net_src comp="74" pin="0"/><net_sink comp="139" pin=1"/></net>

<net id="151"><net_src comp="4" pin="0"/><net_sink comp="146" pin=0"/></net>

<net id="152"><net_src comp="74" pin="0"/><net_sink comp="146" pin=1"/></net>

<net id="158"><net_src comp="6" pin="0"/><net_sink comp="153" pin=0"/></net>

<net id="159"><net_src comp="74" pin="0"/><net_sink comp="153" pin=1"/></net>

<net id="164"><net_src comp="153" pin="3"/><net_sink comp="160" pin=0"/></net>

<net id="169"><net_src comp="132" pin="3"/><net_sink comp="165" pin=0"/></net>

<net id="174"><net_src comp="139" pin="3"/><net_sink comp="170" pin=0"/></net>

<net id="179"><net_src comp="146" pin="3"/><net_sink comp="175" pin=0"/></net>

<net id="185"><net_src comp="8" pin="0"/><net_sink comp="180" pin=0"/></net>

<net id="186"><net_src comp="74" pin="0"/><net_sink comp="180" pin=1"/></net>

<net id="192"><net_src comp="10" pin="0"/><net_sink comp="187" pin=0"/></net>

<net id="193"><net_src comp="74" pin="0"/><net_sink comp="187" pin=1"/></net>

<net id="199"><net_src comp="12" pin="0"/><net_sink comp="194" pin=0"/></net>

<net id="200"><net_src comp="74" pin="0"/><net_sink comp="194" pin=1"/></net>

<net id="206"><net_src comp="14" pin="0"/><net_sink comp="201" pin=0"/></net>

<net id="207"><net_src comp="74" pin="0"/><net_sink comp="201" pin=1"/></net>

<net id="212"><net_src comp="201" pin="3"/><net_sink comp="208" pin=0"/></net>

<net id="217"><net_src comp="180" pin="3"/><net_sink comp="213" pin=0"/></net>

<net id="222"><net_src comp="187" pin="3"/><net_sink comp="218" pin=0"/></net>

<net id="227"><net_src comp="194" pin="3"/><net_sink comp="223" pin=0"/></net>

<net id="233"><net_src comp="18" pin="0"/><net_sink comp="228" pin=0"/></net>

<net id="234"><net_src comp="74" pin="0"/><net_sink comp="228" pin=1"/></net>

<net id="239"><net_src comp="228" pin="3"/><net_sink comp="235" pin=0"/></net>

<net id="245"><net_src comp="20" pin="0"/><net_sink comp="240" pin=0"/></net>

<net id="246"><net_src comp="74" pin="0"/><net_sink comp="240" pin=1"/></net>

<net id="251"><net_src comp="240" pin="3"/><net_sink comp="247" pin=0"/></net>

<net id="255"><net_src comp="70" pin="0"/><net_sink comp="252" pin=0"/></net>

<net id="262"><net_src comp="252" pin="1"/><net_sink comp="256" pin=0"/></net>

<net id="263"><net_src comp="256" pin="4"/><net_sink comp="252" pin=0"/></net>

<net id="267"><net_src comp="88" pin="0"/><net_sink comp="264" pin=0"/></net>

<net id="274"><net_src comp="264" pin="1"/><net_sink comp="268" pin=2"/></net>

<net id="275"><net_src comp="268" pin="4"/><net_sink comp="264" pin=0"/></net>

<net id="279"><net_src comp="90" pin="0"/><net_sink comp="276" pin=0"/></net>

<net id="286"><net_src comp="276" pin="1"/><net_sink comp="280" pin=2"/></net>

<net id="287"><net_src comp="280" pin="4"/><net_sink comp="276" pin=0"/></net>

<net id="291"><net_src comp="96" pin="0"/><net_sink comp="288" pin=0"/></net>

<net id="298"><net_src comp="288" pin="1"/><net_sink comp="292" pin=2"/></net>

<net id="299"><net_src comp="292" pin="4"/><net_sink comp="288" pin=0"/></net>

<net id="303"><net_src comp="96" pin="0"/><net_sink comp="300" pin=0"/></net>

<net id="310"><net_src comp="300" pin="1"/><net_sink comp="304" pin=0"/></net>

<net id="311"><net_src comp="288" pin="1"/><net_sink comp="304" pin=2"/></net>

<net id="316"><net_src comp="304" pin="4"/><net_sink comp="313" pin=0"/></net>

<net id="320"><net_src comp="317" pin="1"/><net_sink comp="247" pin=1"/></net>

<net id="325"><net_src comp="288" pin="1"/><net_sink comp="321" pin=0"/></net>

<net id="334"><net_src comp="256" pin="4"/><net_sink comp="330" pin=0"/></net>

<net id="335"><net_src comp="72" pin="0"/><net_sink comp="330" pin=1"/></net>

<net id="339"><net_src comp="256" pin="4"/><net_sink comp="336" pin=0"/></net>

<net id="340"><net_src comp="336" pin="1"/><net_sink comp="120" pin=2"/></net>

<net id="344"><net_src comp="252" pin="1"/><net_sink comp="341" pin=0"/></net>

<net id="349"><net_src comp="127" pin="2"/><net_sink comp="345" pin=0"/></net>

<net id="350"><net_src comp="90" pin="0"/><net_sink comp="345" pin=1"/></net>

<net id="355"><net_src comp="341" pin="1"/><net_sink comp="351" pin=0"/></net>

<net id="356"><net_src comp="94" pin="0"/><net_sink comp="351" pin=1"/></net>

<net id="360"><net_src comp="351" pin="2"/><net_sink comp="357" pin=0"/></net>

<net id="365"><net_src comp="280" pin="4"/><net_sink comp="361" pin=0"/></net>

<net id="370"><net_src comp="268" pin="4"/><net_sink comp="366" pin=0"/></net>

<net id="371"><net_src comp="98" pin="0"/><net_sink comp="366" pin=1"/></net>

<net id="376"><net_src comp="361" pin="2"/><net_sink comp="372" pin=0"/></net>

<net id="377"><net_src comp="366" pin="2"/><net_sink comp="372" pin=1"/></net>

<net id="381"><net_src comp="280" pin="4"/><net_sink comp="378" pin=0"/></net>

<net id="386"><net_src comp="378" pin="1"/><net_sink comp="382" pin=1"/></net>

<net id="390"><net_src comp="382" pin="2"/><net_sink comp="387" pin=0"/></net>

<net id="397"><net_src comp="100" pin="0"/><net_sink comp="391" pin=0"/></net>

<net id="398"><net_src comp="382" pin="2"/><net_sink comp="391" pin=1"/></net>

<net id="399"><net_src comp="102" pin="0"/><net_sink comp="391" pin=2"/></net>

<net id="400"><net_src comp="104" pin="0"/><net_sink comp="391" pin=3"/></net>

<net id="404"><net_src comp="391" pin="4"/><net_sink comp="401" pin=0"/></net>

<net id="405"><net_src comp="401" pin="1"/><net_sink comp="132" pin=2"/></net>

<net id="406"><net_src comp="401" pin="1"/><net_sink comp="139" pin=2"/></net>

<net id="407"><net_src comp="401" pin="1"/><net_sink comp="146" pin=2"/></net>

<net id="408"><net_src comp="401" pin="1"/><net_sink comp="153" pin=2"/></net>

<net id="409"><net_src comp="401" pin="1"/><net_sink comp="180" pin=2"/></net>

<net id="410"><net_src comp="401" pin="1"/><net_sink comp="187" pin=2"/></net>

<net id="411"><net_src comp="401" pin="1"/><net_sink comp="194" pin=2"/></net>

<net id="412"><net_src comp="401" pin="1"/><net_sink comp="201" pin=2"/></net>

<net id="417"><net_src comp="252" pin="1"/><net_sink comp="413" pin=0"/></net>

<net id="418"><net_src comp="70" pin="0"/><net_sink comp="413" pin=1"/></net>

<net id="423"><net_src comp="106" pin="0"/><net_sink comp="419" pin=1"/></net>

<net id="429"><net_src comp="419" pin="2"/><net_sink comp="424" pin=0"/></net>

<net id="430"><net_src comp="165" pin="2"/><net_sink comp="424" pin=1"/></net>

<net id="431"><net_src comp="160" pin="2"/><net_sink comp="424" pin=2"/></net>

<net id="436"><net_src comp="108" pin="0"/><net_sink comp="432" pin=1"/></net>

<net id="442"><net_src comp="432" pin="2"/><net_sink comp="437" pin=0"/></net>

<net id="443"><net_src comp="170" pin="2"/><net_sink comp="437" pin=1"/></net>

<net id="444"><net_src comp="424" pin="3"/><net_sink comp="437" pin=2"/></net>

<net id="449"><net_src comp="110" pin="0"/><net_sink comp="445" pin=1"/></net>

<net id="455"><net_src comp="445" pin="2"/><net_sink comp="450" pin=0"/></net>

<net id="456"><net_src comp="175" pin="2"/><net_sink comp="450" pin=1"/></net>

<net id="457"><net_src comp="437" pin="3"/><net_sink comp="450" pin=2"/></net>

<net id="461"><net_src comp="264" pin="1"/><net_sink comp="458" pin=0"/></net>

<net id="462"><net_src comp="458" pin="1"/><net_sink comp="228" pin=2"/></net>

<net id="468"><net_src comp="419" pin="2"/><net_sink comp="463" pin=0"/></net>

<net id="469"><net_src comp="213" pin="2"/><net_sink comp="463" pin=1"/></net>

<net id="470"><net_src comp="208" pin="2"/><net_sink comp="463" pin=2"/></net>

<net id="476"><net_src comp="432" pin="2"/><net_sink comp="471" pin=0"/></net>

<net id="477"><net_src comp="218" pin="2"/><net_sink comp="471" pin=1"/></net>

<net id="478"><net_src comp="463" pin="3"/><net_sink comp="471" pin=2"/></net>

<net id="484"><net_src comp="445" pin="2"/><net_sink comp="479" pin=0"/></net>

<net id="485"><net_src comp="223" pin="2"/><net_sink comp="479" pin=1"/></net>

<net id="486"><net_src comp="471" pin="3"/><net_sink comp="479" pin=2"/></net>

<net id="491"><net_src comp="264" pin="1"/><net_sink comp="487" pin=0"/></net>

<net id="496"><net_src comp="264" pin="1"/><net_sink comp="492" pin=0"/></net>

<net id="501"><net_src comp="88" pin="0"/><net_sink comp="497" pin=0"/></net>

<net id="502"><net_src comp="276" pin="1"/><net_sink comp="497" pin=1"/></net>

<net id="507"><net_src comp="88" pin="0"/><net_sink comp="503" pin=0"/></net>

<net id="508"><net_src comp="264" pin="1"/><net_sink comp="503" pin=1"/></net>

<net id="514"><net_src comp="492" pin="2"/><net_sink comp="509" pin=0"/></net>

<net id="515"><net_src comp="264" pin="1"/><net_sink comp="509" pin=1"/></net>

<net id="516"><net_src comp="503" pin="2"/><net_sink comp="509" pin=2"/></net>

<net id="522"><net_src comp="492" pin="2"/><net_sink comp="517" pin=0"/></net>

<net id="523"><net_src comp="497" pin="2"/><net_sink comp="517" pin=1"/></net>

<net id="524"><net_src comp="276" pin="1"/><net_sink comp="517" pin=2"/></net>

<net id="530"><net_src comp="487" pin="2"/><net_sink comp="525" pin=0"/></net>

<net id="531"><net_src comp="503" pin="2"/><net_sink comp="525" pin=1"/></net>

<net id="532"><net_src comp="509" pin="3"/><net_sink comp="525" pin=2"/></net>

<net id="538"><net_src comp="487" pin="2"/><net_sink comp="533" pin=0"/></net>

<net id="539"><net_src comp="497" pin="2"/><net_sink comp="533" pin=1"/></net>

<net id="540"><net_src comp="517" pin="3"/><net_sink comp="533" pin=2"/></net>

<net id="546"><net_src comp="288" pin="1"/><net_sink comp="541" pin=2"/></net>

<net id="553"><net_src comp="336" pin="1"/><net_sink comp="550" pin=0"/></net>

<net id="554"><net_src comp="550" pin="1"/><net_sink comp="240" pin=2"/></net>

<net id="558"><net_src comp="120" pin="3"/><net_sink comp="555" pin=0"/></net>

<net id="559"><net_src comp="555" pin="1"/><net_sink comp="127" pin=0"/></net>

<net id="563"><net_src comp="127" pin="2"/><net_sink comp="560" pin=0"/></net>

<net id="564"><net_src comp="560" pin="1"/><net_sink comp="361" pin=1"/></net>

<net id="568"><net_src comp="345" pin="2"/><net_sink comp="565" pin=0"/></net>

<net id="572"><net_src comp="357" pin="1"/><net_sink comp="569" pin=0"/></net>

<net id="573"><net_src comp="569" pin="1"/><net_sink comp="382" pin=0"/></net>

<net id="580"><net_src comp="387" pin="1"/><net_sink comp="577" pin=0"/></net>

<net id="581"><net_src comp="577" pin="1"/><net_sink comp="419" pin=0"/></net>

<net id="582"><net_src comp="577" pin="1"/><net_sink comp="432" pin=0"/></net>

<net id="583"><net_src comp="577" pin="1"/><net_sink comp="445" pin=0"/></net>

<net id="587"><net_src comp="132" pin="3"/><net_sink comp="584" pin=0"/></net>

<net id="588"><net_src comp="584" pin="1"/><net_sink comp="165" pin=0"/></net>

<net id="592"><net_src comp="139" pin="3"/><net_sink comp="589" pin=0"/></net>

<net id="593"><net_src comp="589" pin="1"/><net_sink comp="170" pin=0"/></net>

<net id="597"><net_src comp="146" pin="3"/><net_sink comp="594" pin=0"/></net>

<net id="598"><net_src comp="594" pin="1"/><net_sink comp="175" pin=0"/></net>

<net id="602"><net_src comp="153" pin="3"/><net_sink comp="599" pin=0"/></net>

<net id="603"><net_src comp="599" pin="1"/><net_sink comp="160" pin=0"/></net>

<net id="607"><net_src comp="180" pin="3"/><net_sink comp="604" pin=0"/></net>

<net id="608"><net_src comp="604" pin="1"/><net_sink comp="213" pin=0"/></net>

<net id="612"><net_src comp="187" pin="3"/><net_sink comp="609" pin=0"/></net>

<net id="613"><net_src comp="609" pin="1"/><net_sink comp="218" pin=0"/></net>

<net id="617"><net_src comp="194" pin="3"/><net_sink comp="614" pin=0"/></net>

<net id="618"><net_src comp="614" pin="1"/><net_sink comp="223" pin=0"/></net>

<net id="622"><net_src comp="201" pin="3"/><net_sink comp="619" pin=0"/></net>

<net id="623"><net_src comp="619" pin="1"/><net_sink comp="208" pin=0"/></net>

<net id="627"><net_src comp="413" pin="2"/><net_sink comp="624" pin=0"/></net>

<net id="628"><net_src comp="624" pin="1"/><net_sink comp="256" pin=2"/></net>

<net id="632"><net_src comp="450" pin="3"/><net_sink comp="629" pin=0"/></net>

<net id="633"><net_src comp="629" pin="1"/><net_sink comp="487" pin=1"/></net>

<net id="634"><net_src comp="629" pin="1"/><net_sink comp="492" pin=1"/></net>

<net id="638"><net_src comp="228" pin="3"/><net_sink comp="635" pin=0"/></net>

<net id="639"><net_src comp="635" pin="1"/><net_sink comp="235" pin=0"/></net>

<net id="643"><net_src comp="479" pin="3"/><net_sink comp="640" pin=0"/></net>

<net id="644"><net_src comp="640" pin="1"/><net_sink comp="326" pin=1"/></net>

<net id="648"><net_src comp="487" pin="2"/><net_sink comp="645" pin=0"/></net>

<net id="649"><net_src comp="645" pin="1"/><net_sink comp="541" pin=0"/></net>

<net id="653"><net_src comp="235" pin="2"/><net_sink comp="650" pin=0"/></net>

<net id="654"><net_src comp="650" pin="1"/><net_sink comp="326" pin=0"/></net>

<net id="658"><net_src comp="525" pin="3"/><net_sink comp="655" pin=0"/></net>

<net id="659"><net_src comp="655" pin="1"/><net_sink comp="268" pin=0"/></net>

<net id="663"><net_src comp="533" pin="3"/><net_sink comp="660" pin=0"/></net>

<net id="664"><net_src comp="660" pin="1"/><net_sink comp="280" pin=0"/></net>

<net id="668"><net_src comp="326" pin="2"/><net_sink comp="665" pin=0"/></net>

<net id="669"><net_src comp="665" pin="1"/><net_sink comp="321" pin=1"/></net>

<net id="673"><net_src comp="321" pin="2"/><net_sink comp="670" pin=0"/></net>

<net id="674"><net_src comp="670" pin="1"/><net_sink comp="541" pin=1"/></net>

<net id="678"><net_src comp="541" pin="3"/><net_sink comp="675" pin=0"/></net>

<net id="679"><net_src comp="675" pin="1"/><net_sink comp="292" pin=0"/></net>

<net id="683"><net_src comp="313" pin="1"/><net_sink comp="680" pin=0"/></net>

<net id="684"><net_src comp="680" pin="1"/><net_sink comp="317" pin=0"/></net>

</net_list>

</model> 
---------------- Datapath Model END ------------------

* FSMD analyzer results:
  - Output states:
  - Chain level:
	State 1
	State 2
		exitcond : 1
		stg_35 : 2
		tmp : 1
		nonZeroFeature_addr : 2
		nonZeroFeature_load : 3
	State 3
		tmp_2 : 1
		stg_47 : 2
		tmp_3 : 1
		tmp_3_cast : 2
	State 4
		tmp_4 : 1
		not_i : 1
		tmp_5 : 2
		stg_57 : 2
		tmp_6_cast : 1
		p_sum_i : 2
		tmp_11 : 3
		tmp_10 : 3
		tmp_6 : 4
		example_0_id_addr : 5
		example_1_id_addr : 5
		example_2_id_addr : 5
		example_3_id_addr : 5
		example_3_id_load : 6
		example_0_id_load : 6
		example_1_id_load : 6
		example_2_id_load : 6
		example_0_value_addr : 5
		example_1_value_addr : 5
		example_2_value_addr : 5
		example_3_value_addr : 5
		example_3_value_load : 6
		example_0_value_load : 6
		example_1_value_load : 6
		example_2_value_load : 6
	State 5
		sel_tmp1 : 1
		sel_tmp3 : 2
		a2 : 3
		weight_addr : 1
		weight_load : 2
		sel_tmp7 : 1
		sel_tmp9 : 2
		example_value_load_phi : 3
	State 6
		p1_1 : 1
		p2_1 : 1
		p1_2 : 2
		p2_2 : 2
	State 7
	State 8
	State 9
	State 10
	State 11
	State 12
	State 13
	State 14
	State 15
	State 16
	State 17
	State 18
		empty_74 : 1
	State 19
		temp : 1
	State 20
		stg_130 : 1


============================================================
+ Verbose Summary: Datapath Resource usage 
============================================================

* Functional unit list:
|----------|-------------------------------|---------|---------|---------|
| Operation|        Functional Unit        |  DSP48E |    FF   |   LUT   |
|----------|-------------------------------|---------|---------|---------|
|   dadd   |           grp_fu_321          |    3    |   445   |   1149  |
|----------|-------------------------------|---------|---------|---------|
|   dmul   |           grp_fu_326          |    11   |   317   |   578   |
|----------|-------------------------------|---------|---------|---------|
|          |        sel_tmp1_fu_424        |    0    |    0    |    32   |
|          |        sel_tmp3_fu_437        |    0    |    0    |    32   |
|          |           a2_fu_450           |    0    |    0    |    32   |
|          |        sel_tmp7_fu_463        |    0    |    0    |    64   |
|          |        sel_tmp9_fu_471        |    0    |    0    |    64   |
|  select  | example_value_load_phi_fu_479 |    0    |    0    |    64   |
|          |          p1_1_fu_509          |    0    |    0    |    32   |
|          |          p2_1_fu_517          |    0    |    0    |    32   |
|          |          p1_2_fu_525          |    0    |    0    |    32   |
|          |          p2_2_fu_533          |    0    |    0    |    32   |
|          |          dot_1_fu_541         |    0    |    0    |    64   |
|----------|-------------------------------|---------|---------|---------|
|  fptrunc |          temp_fu_313          |    0    |   128   |   277   |
|----------|-------------------------------|---------|---------|---------|
|   fpext  |          tmp_1_fu_317         |    0    |   100   |   138   |
|----------|-------------------------------|---------|---------|---------|
|          |         p_sum_i_fu_382        |    0    |    0    |    32   |
|    add   |            i_fu_413           |    0    |    0    |    6    |
|          |           p2_fu_497           |    0    |    0    |    32   |
|          |           p1_fu_503           |    0    |    0    |    32   |
|----------|-------------------------------|---------|---------|---------|
|          |        exitcond_fu_330        |    0    |    0    |    3    |
|          |          tmp_2_fu_345         |    0    |    0    |    11   |
|          |          tmp_4_fu_361         |    0    |    0    |    11   |
|          |          not_i_fu_366         |    0    |    0    |    11   |
|   icmp   |         sel_tmp_fu_419        |    0    |    0    |    1    |
|          |        sel_tmp2_fu_432        |    0    |    0    |    1    |
|          |        sel_tmp4_fu_445        |    0    |    0    |    1    |
|          |          tmp_7_fu_487         |    0    |    0    |    11   |
|          |          tmp_s_fu_492         |    0    |    0    |    11   |
|----------|-------------------------------|---------|---------|---------|
|    mul   |          tmp_3_fu_351         |    1    |    0    |    2    |
|----------|-------------------------------|---------|---------|---------|
|    and   |          tmp_5_fu_372         |    0    |    0    |    1    |
|----------|-------------------------------|---------|---------|---------|
|          |           tmp_fu_336          |    0    |    0    |    0    |
|   zext   |      tmp_cast_cast_fu_341     |    0    |    0    |    0    |
|          |       tmp_3_cast_fu_357       |    0    |    0    |    0    |
|----------|-------------------------------|---------|---------|---------|
|          |       tmp_6_cast_fu_378       |    0    |    0    |    0    |
|   sext   |          tmp_6_fu_401         |    0    |    0    |    0    |
|          |          tmp_8_fu_458         |    0    |    0    |    0    |
|----------|-------------------------------|---------|---------|---------|
|   trunc  |         tmp_11_fu_387         |    0    |    0    |    0    |
|----------|-------------------------------|---------|---------|---------|
|partselect|         tmp_10_fu_391         |    0    |    0    |    0    |
|----------|-------------------------------|---------|---------|---------|
|   Total  |                               |    15   |   990   |   2788  |
|----------|-------------------------------|---------|---------|---------|

Memories:
N/A

* Register list:
+------------------------------+--------+
|                              |   FF   |
+------------------------------+--------+
|          a2_reg_629          |   32   |
|        dot_0_i_reg_288       |   64   |
|         dot_1_reg_675        |   64   |
|          dot_reg_670         |   64   |
|   example_0_id_addr_reg_584  |   10   |
| example_0_value_addr_reg_604 |   10   |
|   example_1_id_addr_reg_589  |   10   |
| example_1_value_addr_reg_609 |   10   |
|   example_2_id_addr_reg_594  |   10   |
| example_2_value_addr_reg_614 |   10   |
|   example_3_id_addr_reg_599  |   10   |
| example_3_value_addr_reg_619 |   10   |
|example_value_load_phi_reg_640|   64   |
|           i_reg_624          |    6   |
|  nonZeroFeature_addr_reg_555 |    6   |
|  nonZeroFeature_load_reg_560 |   32   |
|        p1_0_i_reg_264        |   32   |
|         p1_2_reg_655         |   32   |
|        p2_0_i_reg_276        |   32   |
|         p2_2_reg_660         |   32   |
|         p_0_i_reg_300        |   64   |
|         temp_reg_680         |   32   |
|        tmp_11_reg_577        |    2   |
|         tmp_2_reg_565        |    1   |
|      tmp_3_cast_reg_569      |   33   |
|         tmp_7_reg_645        |    1   |
|         tmp_9_reg_665        |   64   |
|          tmp_reg_550         |   64   |
|      weight_addr_reg_635     |    6   |
|      weight_load_reg_650     |   64   |
|     yindex_assign_reg_252    |    6   |
+------------------------------+--------+
|             Total            |   877  |
+------------------------------+--------+

* Multiplexer (MUX) list: 
|-----------------------|------|------|------|--------||---------||---------|
|          Comp         |  Pin | Size |  BW  | S x BW ||  Delay  ||   LUT   |
|-----------------------|------|------|------|--------||---------||---------|
|   grp_access_fu_127   |  p0  |   2  |   6  |   12   ||    6    |
|   grp_access_fu_160   |  p0  |   2  |  10  |   20   ||    10   |
|   grp_access_fu_165   |  p0  |   2  |  10  |   20   ||    10   |
|   grp_access_fu_170   |  p0  |   2  |  10  |   20   ||    10   |
|   grp_access_fu_175   |  p0  |   2  |  10  |   20   ||    10   |
|   grp_access_fu_208   |  p0  |   2  |  10  |   20   ||    10   |
|   grp_access_fu_213   |  p0  |   2  |  10  |   20   ||    10   |
|   grp_access_fu_218   |  p0  |   2  |  10  |   20   ||    10   |
|   grp_access_fu_223   |  p0  |   2  |  10  |   20   ||    10   |
|   grp_access_fu_235   |  p0  |   2  |   6  |   12   ||    6    |
| yindex_assign_reg_252 |  p0  |   2  |   6  |   12   ||    6    |
|     p1_0_i_reg_264    |  p0  |   2  |  32  |   64   ||    32   |
|     p2_0_i_reg_276    |  p0  |   2  |  32  |   64   ||    32   |
|    dot_0_i_reg_288    |  p0  |   2  |  64  |   128  ||    64   |
|-----------------------|------|------|------|--------||---------||---------|
|         Total         |      |      |      |   452  ||  21.994 ||   226   |
|-----------------------|------|------|------|--------||---------||---------|



* Summary:
+-----------+--------+--------+--------+--------+
|           | DSP48E |  Delay |   FF   |   LUT  |
+-----------+--------+--------+--------+--------+
|  Function |   15   |    -   |   990  |  2788  |
|   Memory  |    -   |    -   |    -   |    -   |
|Multiplexer|    -   |   21   |    -   |   226  |
|  Register |    -   |    -   |   877  |    -   |
+-----------+--------+--------+--------+--------+
|   Total   |   15   |   21   |  1867  |  3014  |
+-----------+--------+--------+--------+--------+
