

================================================================
== Vivado HLS Report for 'synth_top_writeResult'
================================================================
* Date:           Fri May 22 00:37:08 2015

* Version:        2015.1 (Build 1215546 on Mon Apr 27 19:24:50 PM 2015)
* Project:        smosynth.prj
* Solution:       solution2
* Product family: zynq
* Target device:  xc7z020clg484-1


================================================================
== Performance Estimates
================================================================
+ Timing (ns): 
    * Summary: 
    +---------+-------+----------+------------+
    |  Clock  | Target| Estimated| Uncertainty|
    +---------+-------+----------+------------+
    |default  |  10.00|      8.23|        1.25|
    +---------+-------+----------+------------+

+ Latency (clock cycles): 
    * Summary: 
    +-----+---------+-----+---------+---------+
    |    Latency    |    Interval   | Pipeline|
    | min |   max   | min |   max   |   Type  |
    +-----+---------+-----+---------+---------+
    |    1|  2280053|    1|  2280053|   none  |
    +-----+---------+-----+---------+---------+

    + Detail: 
        * Instance: 
        +-----------------------------------+------------------------+--------+---------+--------+---------+---------+
        |                                   |                        |      Latency     |     Interval     | Pipeline|
        |              Instance             |         Module         |   min  |   max   |   min  |   max   |   Type  |
        +-----------------------------------+------------------------+--------+---------+--------+---------+---------+
        |grp_synth_top_classifyPoly_fu_383  |synth_top_classifyPoly  |  197552|  2280052|  197552|  2280052|   none  |
        +-----------------------------------+------------------------+--------+---------+--------+---------+---------+

        * Loop: 
        +-----------------------+-----+-------+----------+-----------+-----------+--------+----------+
        |                       |   Latency   | Iteration|  Initiation Interval  |  Trip  |          |
        |       Loop Name       | min |  max  |  Latency |  achieved |   target  |  Count | Pipelined|
        +-----------------------+-----+-------+----------+-----------+-----------+--------+----------+
        |- LINEAR_FOR_LOOP      |  250|  37750|  5 ~ 755 |          -|          -|      50|    no    |
        | + wtDotProduct_while  |   15|    750|        15|          -|          -| 1 ~ 50 |    no    |
        +-----------------------+-----+-------+----------+-----------+-----------+--------+----------+



================================================================
== Utilization Estimates
================================================================
* Summary: 
+-----------------+---------+-------+--------+-------+
|       Name      | BRAM_18K| DSP48E|   FF   |  LUT  |
+-----------------+---------+-------+--------+-------+
|Expression       |        -|      1|       0|    674|
|FIFO             |        -|      -|       -|      -|
|Instance         |        -|    122|    7181|  11000|
|Memory           |        -|      -|       -|      -|
|Multiplexer      |        -|      -|       -|    393|
|Register         |        -|      -|     666|      -|
+-----------------+---------+-------+--------+-------+
|Total            |        0|    123|    7847|  12067|
+-----------------+---------+-------+--------+-------+
|Available        |      280|    220|  106400|  53200|
+-----------------+---------+-------+--------+-------+
|Utilization (%)  |        0|     55|       7|     22|
+-----------------+---------+-------+--------+-------+

+ Detail: 
    * Instance: 
    +--------------------------------------------+----------------------------------------+---------+-------+------+------+
    |                  Instance                  |                 Module                 | BRAM_18K| DSP48E|  FF  |  LUT |
    +--------------------------------------------+----------------------------------------+---------+-------+------+------+
    |grp_synth_top_classifyPoly_fu_383           |synth_top_classifyPoly                  |        0|    108|  6191|  8858|
    |synth_top_dadd_64ns_64ns_64_5_full_dsp_U30  |synth_top_dadd_64ns_64ns_64_5_full_dsp  |        0|      3|   445|  1149|
    |synth_top_dmul_64ns_64ns_64_6_max_dsp_U31   |synth_top_dmul_64ns_64ns_64_6_max_dsp   |        0|     11|   317|   578|
    |synth_top_fpext_32ns_64_1_U29               |synth_top_fpext_32ns_64_1               |        0|      0|   100|   138|
    |synth_top_fptrunc_64ns_32_1_U28             |synth_top_fptrunc_64ns_32_1             |        0|      0|   128|   277|
    +--------------------------------------------+----------------------------------------+---------+-------+------+------+
    |Total                                       |                                        |        0|    122|  7181| 11000|
    +--------------------------------------------+----------------------------------------+---------+-------+------+------+

    * Memory: 
    N/A

    * FIFO: 
    N/A

    * Expression: 
    +------------------------------+----------+-------+---+----+------------+------------+
    |         Variable Name        | Operation| DSP48E| FF| LUT| Bitwidth P0| Bitwidth P1|
    +------------------------------+----------+-------+---+----+------------+------------+
    |tmp_24_i_fu_477_p2            |     *    |      1|  0|   4|           6|           6|
    |i_fu_539_p2                   |     +    |      0|  0|   6|           6|           1|
    |p1_fu_629_p2                  |     +    |      0|  0|  32|           1|          32|
    |p2_fu_623_p2                  |     +    |      0|  0|  32|           1|          32|
    |sum_i_fu_508_p2               |     +    |      0|  0|  33|          33|          33|
    |a2_fu_576_p3                  |  Select  |      0|  0|  32|           1|          32|
    |dot_1_fu_667_p3               |  Select  |      0|  0|  64|           1|          64|
    |p1_1_fu_635_p3                |  Select  |      0|  0|  32|           1|          32|
    |p1_2_fu_651_p3                |  Select  |      0|  0|  32|           1|          32|
    |p2_1_fu_643_p3                |  Select  |      0|  0|  32|           1|          32|
    |p2_2_fu_659_p3                |  Select  |      0|  0|  32|           1|          32|
    |sel_tmp1_i_fu_550_p3          |  Select  |      0|  0|  32|           1|          32|
    |sel_tmp3_i_fu_563_p3          |  Select  |      0|  0|  32|           1|          32|
    |sel_tmp7_i_fu_589_p3          |  Select  |      0|  0|  64|           1|          64|
    |sel_tmp9_i_fu_597_p3          |  Select  |      0|  0|  64|           1|          64|
    |y_value_load_phi_i_fu_605_p3  |  Select  |      0|  0|  64|           1|          64|
    |ap_sig_bdd_180                |    and   |      0|  0|   1|           1|           1|
    |tmp_i_44_fu_498_p2            |    and   |      0|  0|   1|           1|           1|
    |exitcond_i_fu_456_p2          |   icmp   |      0|  0|   3|           6|           5|
    |not_i_fu_492_p2               |   icmp   |      0|  0|  11|          32|           6|
    |sel_tmp2_i_fu_558_p2          |   icmp   |      0|  0|   1|           2|           1|
    |sel_tmp4_i_fu_571_p2          |   icmp   |      0|  0|   2|           2|           3|
    |sel_tmp_i_fu_545_p2           |   icmp   |      0|  0|   1|           2|           1|
    |tmp_1_fu_450_p2               |   icmp   |      0|  0|  11|          32|           1|
    |tmp_25_i_fu_487_p2            |   icmp   |      0|  0|  11|          32|          32|
    |tmp_27_i_fu_613_p2            |   icmp   |      0|  0|  11|          32|          32|
    |tmp_29_i2_fu_618_p2           |   icmp   |      0|  0|  11|          32|          32|
    |tmp_fu_444_p2                 |   icmp   |      0|  0|  11|          32|           1|
    |tmp_i1_fu_467_p2              |   icmp   |      0|  0|  11|          32|           1|
    |ap_sig_bdd_159                |    or    |      0|  0|   1|           1|           1|
    +------------------------------+----------+-------+---+----+------------+------------+
    |Total                         |          |      1|  0| 674|         297|         702|
    +------------------------------+----------+-------+---+----+------------+------------+

    * Multiplexer: 
    +--------------------------+----+-----------+-----+-----------+
    |           Name           | LUT| Input Size| Bits| Total Bits|
    +--------------------------+----+-----------+-----+-----------+
    |ap_NS_fsm                 |  18|         21|    1|         21|
    |dot_i_reg_358             |  64|          2|   64|        128|
    |example_0_id_address0     |  10|          3|   10|         30|
    |example_0_id_ce0          |   1|          3|    1|          3|
    |example_0_value_address0  |  10|          3|   10|         30|
    |example_0_value_ce0       |   1|          3|    1|          3|
    |example_1_id_address0     |  10|          3|   10|         30|
    |example_1_id_ce0          |   1|          3|    1|          3|
    |example_1_value_address0  |  10|          3|   10|         30|
    |example_1_value_ce0       |   1|          3|    1|          3|
    |example_2_id_address0     |  10|          3|   10|         30|
    |example_2_id_ce0          |   1|          3|    1|          3|
    |example_2_value_address0  |  10|          3|   10|         30|
    |example_2_value_ce0       |   1|          3|    1|          3|
    |example_3_id_address0     |  10|          3|   10|         30|
    |example_3_id_ce0          |   1|          3|    1|          3|
    |example_3_value_address0  |  10|          3|   10|         30|
    |example_3_value_ce0       |   1|          3|    1|          3|
    |lambda_ce0                |   1|          2|    1|          2|
    |nonZeroFeature_address0   |   6|          3|    6|         18|
    |nonZeroFeature_ce0        |   1|          3|    1|          3|
    |output_r_address0         |   6|          3|    6|         18|
    |output_r_ce0              |   1|          3|    1|          3|
    |output_r_d0               |  64|          3|   64|        192|
    |output_r_we0              |   1|          3|    1|          3|
    |p1_i_reg_334              |  32|          2|   32|         64|
    |p2_i_reg_346              |  32|          2|   32|         64|
    |p_0_i_reg_370             |  64|          2|   64|        128|
    |svNonZeroFeature_ce0      |   1|          2|    1|          2|
    |sv_0_id_ce0               |   1|          2|    1|          2|
    |sv_0_value_ce0            |   1|          2|    1|          2|
    |sv_1_id_ce0               |   1|          2|    1|          2|
    |sv_1_value_ce0            |   1|          2|    1|          2|
    |sv_2_id_ce0               |   1|          2|    1|          2|
    |sv_2_value_ce0            |   1|          2|    1|          2|
    |sv_3_id_ce0               |   1|          2|    1|          2|
    |sv_3_value_ce0            |   1|          2|    1|          2|
    |yindex_assign_reg_322     |   6|          2|    6|         12|
    +--------------------------+----+-----------+-----+-----------+
    |Total                     | 393|        117|  376|        938|
    +--------------------------+----+-----------+-----+-----------+

    * Register: 
    +---------------------------------------------------------+----+----+-----+-----------+
    |                           Name                          | FF | LUT| Bits| Const Bits|
    +---------------------------------------------------------+----+----+-----+-----------+
    |a2_reg_763                                               |  32|   0|   32|          0|
    |ap_CS_fsm                                                |  20|   0|   20|          0|
    |ap_done_reg                                              |   1|   0|    1|          0|
    |dot_i_reg_358                                            |  64|   0|   64|          0|
    |dot_reg_804                                              |  64|   0|   64|          0|
    |grp_synth_top_classifyPoly_fu_383_ap_start_ap_start_reg  |   1|   0|    1|          0|
    |i_reg_758                                                |   6|   0|    6|          0|
    |nonZeroFeature_load_reg_694                              |  32|   0|   32|          0|
    |p1_2_reg_789                                             |  32|   0|   32|          0|
    |p1_i_reg_334                                             |  32|   0|   32|          0|
    |p2_2_reg_794                                             |  32|   0|   32|          0|
    |p2_i_reg_346                                             |  32|   0|   32|          0|
    |p_0_i_reg_370                                            |  64|   0|   64|          0|
    |temp_reg_814                                             |  32|   0|   32|          0|
    |tmp_1_reg_677                                            |   1|   0|    1|          0|
    |tmp_24_i_cast3_reg_703                                   |  12|   0|   33|         21|
    |tmp_27_i_reg_779                                         |   1|   0|    1|          0|
    |tmp_30_i_reg_799                                         |  64|   0|   64|          0|
    |tmp_4_reg_711                                            |   2|   0|    2|          0|
    |tmp_i1_reg_699                                           |   1|   0|    1|          0|
    |tmp_i_reg_684                                            |   6|   0|   64|         58|
    |tmp_reg_673                                              |   1|   0|    1|          0|
    |weight_load_reg_784                                      |  64|   0|   64|          0|
    |y_value_load_phi_i_reg_774                               |  64|   0|   64|          0|
    |yindex_assign_reg_322                                    |   6|   0|    6|          0|
    +---------------------------------------------------------+----+----+-----+-----------+
    |Total                                                    | 666|   0|  745|         79|
    +---------------------------------------------------------+----+----+-----+-----------+



================================================================
== Interface
================================================================
* Summary: 
+---------------------------+-----+-----+------------+-----------------------+--------------+
|         RTL Ports         | Dir | Bits|  Protocol  |     Source Object     |    C Type    |
+---------------------------+-----+-----+------------+-----------------------+--------------+
|ap_clk                     |  in |    1| ap_ctrl_hs | synth_top_writeResult | return value |
|ap_rst                     |  in |    1| ap_ctrl_hs | synth_top_writeResult | return value |
|ap_start                   |  in |    1| ap_ctrl_hs | synth_top_writeResult | return value |
|ap_done                    | out |    1| ap_ctrl_hs | synth_top_writeResult | return value |
|ap_continue                |  in |    1| ap_ctrl_hs | synth_top_writeResult | return value |
|ap_idle                    | out |    1| ap_ctrl_hs | synth_top_writeResult | return value |
|ap_ready                   | out |    1| ap_ctrl_hs | synth_top_writeResult | return value |
|example_0_id_address0      | out |   10|  ap_memory |      example_0_id     |     array    |
|example_0_id_ce0           | out |    1|  ap_memory |      example_0_id     |     array    |
|example_0_id_q0            |  in |   32|  ap_memory |      example_0_id     |     array    |
|example_1_id_address0      | out |   10|  ap_memory |      example_1_id     |     array    |
|example_1_id_ce0           | out |    1|  ap_memory |      example_1_id     |     array    |
|example_1_id_q0            |  in |   32|  ap_memory |      example_1_id     |     array    |
|example_2_id_address0      | out |   10|  ap_memory |      example_2_id     |     array    |
|example_2_id_ce0           | out |    1|  ap_memory |      example_2_id     |     array    |
|example_2_id_q0            |  in |   32|  ap_memory |      example_2_id     |     array    |
|example_3_id_address0      | out |   10|  ap_memory |      example_3_id     |     array    |
|example_3_id_ce0           | out |    1|  ap_memory |      example_3_id     |     array    |
|example_3_id_q0            |  in |   32|  ap_memory |      example_3_id     |     array    |
|example_0_value_address0   | out |   10|  ap_memory |    example_0_value    |     array    |
|example_0_value_ce0        | out |    1|  ap_memory |    example_0_value    |     array    |
|example_0_value_q0         |  in |   64|  ap_memory |    example_0_value    |     array    |
|example_1_value_address0   | out |   10|  ap_memory |    example_1_value    |     array    |
|example_1_value_ce0        | out |    1|  ap_memory |    example_1_value    |     array    |
|example_1_value_q0         |  in |   64|  ap_memory |    example_1_value    |     array    |
|example_2_value_address0   | out |   10|  ap_memory |    example_2_value    |     array    |
|example_2_value_ce0        | out |    1|  ap_memory |    example_2_value    |     array    |
|example_2_value_q0         |  in |   64|  ap_memory |    example_2_value    |     array    |
|example_3_value_address0   | out |   10|  ap_memory |    example_3_value    |     array    |
|example_3_value_ce0        | out |    1|  ap_memory |    example_3_value    |     array    |
|example_3_value_q0         |  in |   64|  ap_memory |    example_3_value    |     array    |
|sv_0_id_address0           | out |   10|  ap_memory |        sv_0_id        |     array    |
|sv_0_id_ce0                | out |    1|  ap_memory |        sv_0_id        |     array    |
|sv_0_id_q0                 |  in |   32|  ap_memory |        sv_0_id        |     array    |
|sv_1_id_address0           | out |   10|  ap_memory |        sv_1_id        |     array    |
|sv_1_id_ce0                | out |    1|  ap_memory |        sv_1_id        |     array    |
|sv_1_id_q0                 |  in |   32|  ap_memory |        sv_1_id        |     array    |
|sv_2_id_address0           | out |   10|  ap_memory |        sv_2_id        |     array    |
|sv_2_id_ce0                | out |    1|  ap_memory |        sv_2_id        |     array    |
|sv_2_id_q0                 |  in |   32|  ap_memory |        sv_2_id        |     array    |
|sv_3_id_address0           | out |   10|  ap_memory |        sv_3_id        |     array    |
|sv_3_id_ce0                | out |    1|  ap_memory |        sv_3_id        |     array    |
|sv_3_id_q0                 |  in |   32|  ap_memory |        sv_3_id        |     array    |
|sv_0_value_address0        | out |   10|  ap_memory |       sv_0_value      |     array    |
|sv_0_value_ce0             | out |    1|  ap_memory |       sv_0_value      |     array    |
|sv_0_value_q0              |  in |   64|  ap_memory |       sv_0_value      |     array    |
|sv_1_value_address0        | out |   10|  ap_memory |       sv_1_value      |     array    |
|sv_1_value_ce0             | out |    1|  ap_memory |       sv_1_value      |     array    |
|sv_1_value_q0              |  in |   64|  ap_memory |       sv_1_value      |     array    |
|sv_2_value_address0        | out |   10|  ap_memory |       sv_2_value      |     array    |
|sv_2_value_ce0             | out |    1|  ap_memory |       sv_2_value      |     array    |
|sv_2_value_q0              |  in |   64|  ap_memory |       sv_2_value      |     array    |
|sv_3_value_address0        | out |   10|  ap_memory |       sv_3_value      |     array    |
|sv_3_value_ce0             | out |    1|  ap_memory |       sv_3_value      |     array    |
|sv_3_value_q0              |  in |   64|  ap_memory |       sv_3_value      |     array    |
|lambda_address0            | out |    6|  ap_memory |         lambda        |     array    |
|lambda_ce0                 | out |    1|  ap_memory |         lambda        |     array    |
|lambda_q0                  |  in |   64|  ap_memory |         lambda        |     array    |
|svNonZeroFeature_address0  | out |    6|  ap_memory |    svNonZeroFeature   |     array    |
|svNonZeroFeature_ce0       | out |    1|  ap_memory |    svNonZeroFeature   |     array    |
|svNonZeroFeature_q0        |  in |   32|  ap_memory |    svNonZeroFeature   |     array    |
|nonZeroFeature_address0    | out |    6|  ap_memory |     nonZeroFeature    |     array    |
|nonZeroFeature_ce0         | out |    1|  ap_memory |     nonZeroFeature    |     array    |
|nonZeroFeature_q0          |  in |   32|  ap_memory |     nonZeroFeature    |     array    |
|weight_address0            | out |    6|  ap_memory |         weight        |     array    |
|weight_ce0                 | out |    1|  ap_memory |         weight        |     array    |
|weight_q0                  |  in |   64|  ap_memory |         weight        |     array    |
|output_r_address0          | out |    6|  ap_memory |        output_r       |     array    |
|output_r_ce0               | out |    1|  ap_memory |        output_r       |     array    |
|output_r_we0               | out |    1|  ap_memory |        output_r       |     array    |
|output_r_d0                | out |   64|  ap_memory |        output_r       |     array    |
|output_r_q0                |  in |   64|  ap_memory |        output_r       |     array    |
|kernelType                 |  in |   32|   ap_none  |       kernelType      |    scalar    |
+---------------------------+-----+-----+------------+-----------------------+--------------+

