#-----------------------------------------------------------
# Vivado v2015.1 (64-bit)
# SW Build 1215546 on Mon Apr 27 19:22:08 MDT 2015
# IP Build 1209967 on Tue Apr 21 11:39:20 MDT 2015
# Start of session at: Thu May 21 18:42:29 2015
# Process ID: 4732
# Log file: C:/Users/Owner/Desktop/SVM/SMO/smosynth/smosynth/smosynth.prj/solution1/impl/ip/vivado.log
# Journal file: C:/Users/Owner/Desktop/SVM/SMO/smosynth/smosynth/smosynth.prj/solution1/impl/ip\vivado.jou
#-----------------------------------------------------------
source run_ippack.tcl -notrace
INFO: [IP_Flow 19-234] Refreshing IP repositories
INFO: [IP_Flow 19-1704] No user IP repositories specified
INFO: [IP_Flow 19-2313] Loaded Vivado IP repository 'C:/Xilinx/Vivado/2015.1/data/ip'.
INFO: [IP_Flow 19-1686] Generating 'Synthesis' target for IP 'synth_top_ap_dadd_3_full_dsp_64'...
INFO: [IP_Flow 19-1686] Generating 'Simulation' target for IP 'synth_top_ap_dadd_3_full_dsp_64'...
INFO: [IP_Flow 19-1686] Generating 'Synthesis' target for IP 'synth_top_ap_dexp_16_full_dsp_64'...
INFO: [IP_Flow 19-1686] Generating 'Simulation' target for IP 'synth_top_ap_dexp_16_full_dsp_64'...
INFO: [IP_Flow 19-1686] Generating 'Synthesis' target for IP 'synth_top_ap_dlog_29_full_dsp_64'...
INFO: [IP_Flow 19-1686] Generating 'Simulation' target for IP 'synth_top_ap_dlog_29_full_dsp_64'...
INFO: [IP_Flow 19-1686] Generating 'Synthesis' target for IP 'synth_top_ap_dmul_4_max_dsp_64'...
INFO: [IP_Flow 19-1686] Generating 'Simulation' target for IP 'synth_top_ap_dmul_4_max_dsp_64'...
INFO: [IP_Flow 19-1686] Generating 'Synthesis' target for IP 'synth_top_ap_fadd_3_full_dsp_32'...
INFO: [IP_Flow 19-1686] Generating 'Simulation' target for IP 'synth_top_ap_fadd_3_full_dsp_32'...
INFO: [IP_Flow 19-1686] Generating 'Synthesis' target for IP 'synth_top_ap_fmul_2_max_dsp_32'...
INFO: [IP_Flow 19-1686] Generating 'Simulation' target for IP 'synth_top_ap_fmul_2_max_dsp_32'...
INFO: [IP_Flow 19-1686] Generating 'Synthesis' target for IP 'synth_top_ap_fpext_0_no_dsp_32'...
INFO: [IP_Flow 19-1686] Generating 'Simulation' target for IP 'synth_top_ap_fpext_0_no_dsp_32'...
INFO: [IP_Flow 19-1686] Generating 'Synthesis' target for IP 'synth_top_ap_fptrunc_0_no_dsp_64'...
INFO: [IP_Flow 19-1686] Generating 'Simulation' target for IP 'synth_top_ap_fptrunc_0_no_dsp_64'...
****** Webtalk v2015.1 (64-bit)
  **** SW Build 1215546 on Mon Apr 27 19:22:08 MDT 2015
  **** IP Build 1209967 on Tue Apr 21 11:39:20 MDT 2015
    ** Copyright 1986-2015 Xilinx, Inc. All Rights Reserved.

source C:/Users/Owner/Desktop/SVM/SMO/smosynth/smosynth/smosynth.prj/solution1/impl/ip/tmp.hw/webtalk/labtool_webtalk.tcl -notrace
INFO: [Common 17-186] 'C:/Users/Owner/Desktop/SVM/SMO/smosynth/smosynth/smosynth.prj/solution1/impl/ip/tmp.hw/webtalk/usage_statistics_ext_labtool.xml' has been successfully sent to Xilinx on Thu May 21 18:43:06 2015. For additional details about this file, please refer to the WebTalk help file at C:/Xilinx/Vivado/2015.1/doc/webtalk_introduction.html.
webtalk_transmit: Time (s): cpu = 00:00:00 ; elapsed = 00:00:07 . Memory (MB): peak = 62.379 ; gain = 0.047
INFO: [Common 17-206] Exiting Webtalk at Thu May 21 18:43:06 2015...
close_project: Time (s): cpu = 00:00:00 ; elapsed = 00:00:20 . Memory (MB): peak = 281.809 ; gain = 0.000
INFO: [IP_Flow 19-234] Refreshing IP repositories
INFO: [IP_Flow 19-1704] No user IP repositories specified
INFO: [IP_Flow 19-2313] Loaded Vivado IP repository 'C:/Xilinx/Vivado/2015.1/data/ip'.
INFO: [Common 17-206] Exiting Vivado at Thu May 21 18:43:09 2015...
