@I [LIC-101] Checked out feature [VIVADO_HLS]
@I [HLS-10] Running 'C:/Xilinx/Vivado_HLS/2015.1/bin/unwrapped/win64.o/vivado_hls.exe'
            for user 'Owner' on host 'owner-pc' (Windows NT_amd64 version 6.1) on Fri May 22 15:31:03 -0400 2015
            in directory 'C:/Users/Owner/Desktop/SVM/SMO/smosynth/smosynth'
@I [HLS-10] Opening project 'C:/Users/Owner/Desktop/SVM/SMO/smosynth/smosynth/smosynth.prj'.
@I [HLS-10] Opening solution 'C:/Users/Owner/Desktop/SVM/SMO/smosynth/smosynth/smosynth.prj/solution3'.
@I [SYN-201] Setting up clock 'default' with a period of 10ns.
@I [LIC-101] Checked out feature [VIVADO_HLS]
@I [HLS-10] Setting target device to 'xc7z020clg484-1'
@I [XFORM-701] Set default FIFO size in dataflow to 200.
@I [XFORM-701] Set the default channel type in dataflow to FIFO.
@I [IMPL-8] Exporting RTL as an IP in IP-XACT.

****** Vivado v2015.1 (64-bit)
  **** SW Build 1215546 on Mon Apr 27 19:22:08 MDT 2015
  **** IP Build 1209967 on Tue Apr 21 11:39:20 MDT 2015
    ** Copyright 1986-2015 Xilinx, Inc. All Rights Reserved.

source run_ippack.tcl -notrace
INFO: [IP_Flow 19-234] Refreshing IP repositories
INFO: [IP_Flow 19-1704] No user IP repositories specified
INFO: [IP_Flow 19-2313] Loaded Vivado IP repository 'C:/Xilinx/Vivado/2015.1/data/ip'.
INFO: [IP_Flow 19-1686] Generating 'Synthesis' target for IP 'synth_top_ap_dadddsub_3_full_dsp_64'...
INFO: [IP_Flow 19-1686] Generating 'Simulation' target for IP 'synth_top_ap_dadddsub_3_full_dsp_64'...
INFO: [IP_Flow 19-1686] Generating 'Synthesis' target for IP 'synth_top_ap_dadd_3_full_dsp_64'...
INFO: [IP_Flow 19-1686] Generating 'Simulation' target for IP 'synth_top_ap_dadd_3_full_dsp_64'...
INFO: [IP_Flow 19-1686] Generating 'Synthesis' target for IP 'synth_top_ap_dexp_16_full_dsp_64'...
INFO: [IP_Flow 19-1686] Generating 'Simulation' target for IP 'synth_top_ap_dexp_16_full_dsp_64'...
INFO: [IP_Flow 19-1686] Generating 'Synthesis' target for IP 'synth_top_ap_dlog_29_full_dsp_64'...
INFO: [IP_Flow 19-1686] Generating 'Simulation' target for IP 'synth_top_ap_dlog_29_full_dsp_64'...
INFO: [IP_Flow 19-1686] Generating 'Synthesis' target for IP 'synth_top_ap_dmul_4_max_dsp_64'...
INFO: [IP_Flow 19-1686] Generating 'Simulation' target for IP 'synth_top_ap_dmul_4_max_dsp_64'...
INFO: [IP_Flow 19-1686] Generating 'Synthesis' target for IP 'synth_top_ap_fadd_3_full_dsp_32'...
INFO: [IP_Flow 19-1686] Generating 'Simulation' target for IP 'synth_top_ap_fadd_3_full_dsp_32'...
INFO: [IP_Flow 19-1686] Generating 'Synthesis' target for IP 'synth_top_ap_fmul_2_max_dsp_32'...
INFO: [IP_Flow 19-1686] Generating 'Simulation' target for IP 'synth_top_ap_fmul_2_max_dsp_32'...
INFO: [IP_Flow 19-1686] Generating 'Synthesis' target for IP 'synth_top_ap_fpext_0_no_dsp_32'...
INFO: [IP_Flow 19-1686] Generating 'Simulation' target for IP 'synth_top_ap_fpext_0_no_dsp_32'...
INFO: [IP_Flow 19-1686] Generating 'Synthesis' target for IP 'synth_top_ap_fptrunc_0_no_dsp_64'...
INFO: [IP_Flow 19-1686] Generating 'Simulation' target for IP 'synth_top_ap_fptrunc_0_no_dsp_64'...
****** Webtalk v2015.1 (64-bit)
  **** SW Build 1215546 on Mon Apr 27 19:22:08 MDT 2015
  **** IP Build 1209967 on Tue Apr 21 11:39:20 MDT 2015
    ** Copyright 1986-2015 Xilinx, Inc. All Rights Reserved.

source C:/Users/Owner/Desktop/SVM/SMO/smosynth/smosynth/smosynth.prj/solution3/impl/ip/tmp.hw/webtalk/labtool_webtalk.tcl -notrace
webtalk_transmit: Time (s): cpu = 00:00:00 ; elapsed = 00:00:07 . Memory (MB): peak = 62.629 ; gain = 0.020

    while executing
"webtalk_transmit -clientid 1421462695 -regid "174112640_179741397_210594766_846" -xml C:/Users/Owner/Desktop/SVM/SMO/smosynth/smosynth/smosynth.prj/so..."
    (file "C:/Users/Owner/Desktop/SVM/SMO/smosynth/smosynth/smosynth.prj/solution3/impl/ip/tmp.hw/webtalk/labtool_webtalk.tcl" line 26)
INFO: [Common 17-206] Exiting Webtalk at Fri May 22 15:31:56 2015...
close_project: Time (s): cpu = 00:00:01 ; elapsed = 00:00:21 . Memory (MB): peak = 288.723 ; gain = 0.000
INFO: [IP_Flow 19-234] Refreshing IP repositories
INFO: [IP_Flow 19-1704] No user IP repositories specified
INFO: [IP_Flow 19-2313] Loaded Vivado IP repository 'C:/Xilinx/Vivado/2015.1/data/ip'.
INFO: [Common 17-206] Exiting Vivado at Fri May 22 15:32:03 2015...
@I [LIC-101] Checked in feature [VIVADO_HLS]
