

================================================================
== Vivado HLS Report for 'synth_top_dotProduct'
================================================================
* Date:           Thu May 21 18:38:33 2015

* Version:        2015.1 (Build 1215546 on Mon Apr 27 19:24:50 PM 2015)
* Project:        smosynth.prj
* Solution:       solution1
* Product family: zynq
* Target device:  xc7z020clg484-1


================================================================
== Performance Estimates
================================================================
+ Timing (ns): 
    * Summary: 
    +---------+-------+----------+------------+
    |  Clock  | Target| Estimated| Uncertainty|
    +---------+-------+----------+------------+
    |default  |  10.00|      8.23|        1.25|
    +---------+-------+----------+------------+

+ Latency (clock cycles): 
    * Summary: 
    +-----+-----+-----+-----+---------+
    |  Latency  |  Interval | Pipeline|
    | min | max | min | max |   Type  |
    +-----+-----+-----+-----+---------+
    |    1|  835|    1|  835|   none  |
    +-----+-----+-----+-----+---------+

    + Detail: 
        * Instance: 
        N/A

        * Loop: 
        +--------------------+-----+-----+----------+-----------+-----------+--------+----------+
        |                    |  Latency  | Iteration|  Initiation Interval  |  Trip  |          |
        |      Loop Name     | min | max |  Latency |  achieved |   target  |  Count | Pipelined|
        +--------------------+-----+-----+----------+-----------+-----------+--------+----------+
        |- dotProduct_while  |    0|  833|        17|          -|          -| 0 ~ 49 |    no    |
        +--------------------+-----+-----+----------+-----------+-----------+--------+----------+



================================================================
== Utilization Estimates
================================================================
* Summary: 
+-----------------+---------+-------+--------+-------+
|       Name      | BRAM_18K| DSP48E|   FF   |  LUT  |
+-----------------+---------+-------+--------+-------+
|Expression       |        -|      2|       0|    982|
|FIFO             |        -|      -|       -|      -|
|Instance         |        -|     14|     990|   2142|
|Memory           |        -|      -|       -|      -|
|Multiplexer      |        -|      -|       -|    274|
|Register         |        -|      -|     784|      -|
+-----------------+---------+-------+--------+-------+
|Total            |        0|     16|    1774|   3398|
+-----------------+---------+-------+--------+-------+
|Available        |      280|    220|  106400|  53200|
+-----------------+---------+-------+--------+-------+
|Utilization (%)  |        0|      7|       1|      6|
+-----------------+---------+-------+--------+-------+

+ Detail: 
    * Instance: 
    +-------------------------------------------+----------------------------------------+---------+-------+-----+------+
    |                  Instance                 |                 Module                 | BRAM_18K| DSP48E|  FF |  LUT |
    +-------------------------------------------+----------------------------------------+---------+-------+-----+------+
    |synth_top_dadd_64ns_64ns_64_5_full_dsp_U2  |synth_top_dadd_64ns_64ns_64_5_full_dsp  |        0|      3|  445|  1149|
    |synth_top_dmul_64ns_64ns_64_6_max_dsp_U3   |synth_top_dmul_64ns_64ns_64_6_max_dsp   |        0|     11|  317|   578|
    |synth_top_fpext_32ns_64_1_U1               |synth_top_fpext_32ns_64_1               |        0|      0|  100|   138|
    |synth_top_fptrunc_64ns_32_1_U0             |synth_top_fptrunc_64ns_32_1             |        0|      0|  128|   277|
    +-------------------------------------------+----------------------------------------+---------+-------+-----+------+
    |Total                                      |                                        |        0|     14|  990|  2142|
    +-------------------------------------------+----------------------------------------+---------+-------+-----+------+

    * Memory: 
    N/A

    * FIFO: 
    N/A

    * Expression: 
    +----------------------------+----------+-------+---+----+------------+------------+
    |        Variable Name       | Operation| DSP48E| FF| LUT| Bitwidth P0| Bitwidth P1|
    +----------------------------+----------+-------+---+----+------------+------------+
    |tmp_14_fu_452_p2            |     *    |      1|  0|   4|           6|           6|
    |tmp_15_fu_466_p2            |     *    |      1|  0|   4|           6|           6|
    |p1_3_fu_702_p2              |     +    |      0|  0|  32|           1|          32|
    |p2_3_fu_696_p2              |     +    |      0|  0|  32|           1|          32|
    |sum1_fu_531_p2              |     +    |      0|  0|  33|          33|          33|
    |sum_fu_496_p2               |     +    |      0|  0|  33|          33|          33|
    |a1_fu_593_p3                |  Select  |      0|  0|  32|           1|          32|
    |a2_fu_632_p3                |  Select  |      0|  0|  32|           1|          32|
    |dot_1_fu_740_p3             |  Select  |      0|  0|  64|           1|          64|
    |p1_1_fu_708_p3              |  Select  |      0|  0|  32|           1|          32|
    |p1_2_fu_724_p3              |  Select  |      0|  0|  32|           1|          32|
    |p2_1_fu_716_p3              |  Select  |      0|  0|  32|           1|          32|
    |p2_2_fu_732_p3              |  Select  |      0|  0|  32|           1|          32|
    |sel_tmp10_fu_640_p3         |  Select  |      0|  0|  64|           1|          64|
    |sel_tmp11_fu_648_p3         |  Select  |      0|  0|  64|           1|          64|
    |sel_tmp12_fu_664_p3         |  Select  |      0|  0|  64|           1|          64|
    |sel_tmp13_fu_672_p3         |  Select  |      0|  0|  64|           1|          64|
    |sel_tmp1_fu_567_p3          |  Select  |      0|  0|  32|           1|          32|
    |sel_tmp3_fu_580_p3          |  Select  |      0|  0|  32|           1|          32|
    |sel_tmp7_fu_606_p3          |  Select  |      0|  0|  32|           1|          32|
    |sel_tmp9_fu_619_p3          |  Select  |      0|  0|  32|           1|          32|
    |x_value_load_phi_fu_656_p3  |  Select  |      0|  0|  64|           1|          64|
    |y_value_load_phi_fu_680_p3  |  Select  |      0|  0|  64|           1|          64|
    |tmp_18_fu_486_p2            |    and   |      0|  0|   1|           1|           1|
    |sel_tmp2_fu_575_p2          |   icmp   |      0|  0|   1|           2|           1|
    |sel_tmp4_fu_588_p2          |   icmp   |      0|  0|   2|           2|           3|
    |sel_tmp5_fu_627_p2          |   icmp   |      0|  0|   2|           2|           3|
    |sel_tmp6_fu_601_p2          |   icmp   |      0|  0|   1|           2|           1|
    |sel_tmp8_fu_614_p2          |   icmp   |      0|  0|   1|           2|           1|
    |sel_tmp_fu_562_p2           |   icmp   |      0|  0|   1|           2|           1|
    |tmp_16_fu_476_p2            |   icmp   |      0|  0|  11|          32|          32|
    |tmp_17_fu_481_p2            |   icmp   |      0|  0|  11|          32|          32|
    |tmp_21_fu_688_p2            |   icmp   |      0|  0|  11|          32|          32|
    |tmp_22_fu_692_p2            |   icmp   |      0|  0|  11|          32|          32|
    |tmp_fu_430_p2               |   icmp   |      0|  0|  11|          32|           1|
    |tmp_s_fu_436_p2             |   icmp   |      0|  0|  11|          32|           1|
    |or_cond_fu_442_p2           |    or    |      0|  0|   1|           1|           1|
    +----------------------------+----------+-------+---+----+------------+------------+
    |Total                       |          |      2|  0| 982|         303|        1052|
    +----------------------------+----------+-------+---+----+------------+------------+

    * Multiplexer: 
    +-------------+----+-----------+-----+-----------+
    |     Name    | LUT| Input Size| Bits| Total Bits|
    +-------------+----+-----------+-----+-----------+
    |ap_NS_fsm    |  18|         20|    1|         20|
    |ap_return    |  64|          2|   64|        128|
    |dot_reg_390  |  64|          2|   64|        128|
    |p1_reg_366   |  32|          2|   32|         64|
    |p2_reg_378   |  32|          2|   32|         64|
    |p_0_reg_402  |  64|          2|   64|        128|
    +-------------+----+-----------+-----+-----------+
    |Total        | 274|         30|  257|        532|
    +-------------+----+-----------+-----+-----------+

    * Register: 
    +--------------------------+----+----+-----+-----------+
    |           Name           | FF | LUT| Bits| Const Bits|
    +--------------------------+----+----+-----+-----------+
    |a1_reg_866                |  32|   0|   32|          0|
    |a2_reg_872                |  32|   0|   32|          0|
    |ap_CS_fsm                 |  19|   0|   19|          0|
    |ap_return_preg            |  64|   0|   64|          0|
    |dot_2_reg_918             |  64|   0|   64|          0|
    |dot_reg_390               |  64|   0|   64|          0|
    |p1_2_reg_893              |  32|   0|   32|          0|
    |p1_reg_366                |  32|   0|   32|          0|
    |p2_2_reg_898              |  32|   0|   32|          0|
    |p2_reg_378                |  32|   0|   32|          0|
    |p_0_reg_402               |  64|   0|   64|          0|
    |t1_reg_908                |  32|   0|   32|          0|
    |tmp_13_reg_772            |   2|   0|    2|          0|
    |tmp_14_cast_reg_759       |  12|   0|   33|         21|
    |tmp_16_cast_reg_764       |  12|   0|   33|         21|
    |tmp_21_reg_888            |   1|   0|    1|          0|
    |tmp_23_reg_903            |  64|   0|   64|          0|
    |tmp_24_reg_913            |  64|   0|   64|          0|
    |tmp_25_reg_799            |   2|   0|    2|          0|
    |x_value_load_phi_reg_878  |  64|   0|   64|          0|
    |y_value_load_phi_reg_883  |  64|   0|   64|          0|
    +--------------------------+----+----+-----+-----------+
    |Total                     | 784|   0|  826|         42|
    +--------------------------+----+----+-----+-----------+



================================================================
== Interface
================================================================
* Summary: 
+--------------------+-----+-----+------------+----------------------+--------------+
|      RTL Ports     | Dir | Bits|  Protocol  |     Source Object    |    C Type    |
+--------------------+-----+-----+------------+----------------------+--------------+
|ap_clk              |  in |    1| ap_ctrl_hs | synth_top_dotProduct | return value |
|ap_rst              |  in |    1| ap_ctrl_hs | synth_top_dotProduct | return value |
|ap_start            |  in |    1| ap_ctrl_hs | synth_top_dotProduct | return value |
|ap_done             | out |    1| ap_ctrl_hs | synth_top_dotProduct | return value |
|ap_idle             | out |    1| ap_ctrl_hs | synth_top_dotProduct | return value |
|ap_ready            | out |    1| ap_ctrl_hs | synth_top_dotProduct | return value |
|ap_return           | out |   64| ap_ctrl_hs | synth_top_dotProduct | return value |
|x_0_id_address0     | out |    9|  ap_memory |        x_0_id        |     array    |
|x_0_id_ce0          | out |    1|  ap_memory |        x_0_id        |     array    |
|x_0_id_q0           |  in |   32|  ap_memory |        x_0_id        |     array    |
|x_1_id_address0     | out |    9|  ap_memory |        x_1_id        |     array    |
|x_1_id_ce0          | out |    1|  ap_memory |        x_1_id        |     array    |
|x_1_id_q0           |  in |   32|  ap_memory |        x_1_id        |     array    |
|x_2_id_address0     | out |    9|  ap_memory |        x_2_id        |     array    |
|x_2_id_ce0          | out |    1|  ap_memory |        x_2_id        |     array    |
|x_2_id_q0           |  in |   32|  ap_memory |        x_2_id        |     array    |
|x_3_id_address0     | out |    9|  ap_memory |        x_3_id        |     array    |
|x_3_id_ce0          | out |    1|  ap_memory |        x_3_id        |     array    |
|x_3_id_q0           |  in |   32|  ap_memory |        x_3_id        |     array    |
|x_0_value_address0  | out |    9|  ap_memory |       x_0_value      |     array    |
|x_0_value_ce0       | out |    1|  ap_memory |       x_0_value      |     array    |
|x_0_value_q0        |  in |   64|  ap_memory |       x_0_value      |     array    |
|x_1_value_address0  | out |    9|  ap_memory |       x_1_value      |     array    |
|x_1_value_ce0       | out |    1|  ap_memory |       x_1_value      |     array    |
|x_1_value_q0        |  in |   64|  ap_memory |       x_1_value      |     array    |
|x_2_value_address0  | out |    9|  ap_memory |       x_2_value      |     array    |
|x_2_value_ce0       | out |    1|  ap_memory |       x_2_value      |     array    |
|x_2_value_q0        |  in |   64|  ap_memory |       x_2_value      |     array    |
|x_3_value_address0  | out |    9|  ap_memory |       x_3_value      |     array    |
|x_3_value_ce0       | out |    1|  ap_memory |       x_3_value      |     array    |
|x_3_value_q0        |  in |   64|  ap_memory |       x_3_value      |     array    |
|sizeX               |  in |   32|   ap_none  |         sizeX        |    scalar    |
|sizeY               |  in |   32|   ap_none  |         sizeY        |    scalar    |
|y_0_id_address0     | out |   10|  ap_memory |        y_0_id        |     array    |
|y_0_id_ce0          | out |    1|  ap_memory |        y_0_id        |     array    |
|y_0_id_q0           |  in |   32|  ap_memory |        y_0_id        |     array    |
|y_1_id_address0     | out |   10|  ap_memory |        y_1_id        |     array    |
|y_1_id_ce0          | out |    1|  ap_memory |        y_1_id        |     array    |
|y_1_id_q0           |  in |   32|  ap_memory |        y_1_id        |     array    |
|y_2_id_address0     | out |   10|  ap_memory |        y_2_id        |     array    |
|y_2_id_ce0          | out |    1|  ap_memory |        y_2_id        |     array    |
|y_2_id_q0           |  in |   32|  ap_memory |        y_2_id        |     array    |
|y_3_id_address0     | out |   10|  ap_memory |        y_3_id        |     array    |
|y_3_id_ce0          | out |    1|  ap_memory |        y_3_id        |     array    |
|y_3_id_q0           |  in |   32|  ap_memory |        y_3_id        |     array    |
|y_0_value_address0  | out |   10|  ap_memory |       y_0_value      |     array    |
|y_0_value_ce0       | out |    1|  ap_memory |       y_0_value      |     array    |
|y_0_value_q0        |  in |   64|  ap_memory |       y_0_value      |     array    |
|y_1_value_address0  | out |   10|  ap_memory |       y_1_value      |     array    |
|y_1_value_ce0       | out |    1|  ap_memory |       y_1_value      |     array    |
|y_1_value_q0        |  in |   64|  ap_memory |       y_1_value      |     array    |
|y_2_value_address0  | out |   10|  ap_memory |       y_2_value      |     array    |
|y_2_value_ce0       | out |    1|  ap_memory |       y_2_value      |     array    |
|y_2_value_q0        |  in |   64|  ap_memory |       y_2_value      |     array    |
|y_3_value_address0  | out |   10|  ap_memory |       y_3_value      |     array    |
|y_3_value_ce0       | out |    1|  ap_memory |       y_3_value      |     array    |
|y_3_value_q0        |  in |   64|  ap_memory |       y_3_value      |     array    |
|xindex              |  in |    6|   ap_none  |        xindex        |    scalar    |
|yindex              |  in |    6|   ap_none  |        yindex        |    scalar    |
+--------------------+-----+-----+------------+----------------------+--------------+

